{"C:\\Users\\Ayman\\OneDrive\\Desktop\\ProgettoIngegneriaSoftware\\lib\\addP.js": {"path":"C:\\Users\\Ayman\\OneDrive\\Desktop\\ProgettoIngegneriaSoftware\\lib\\addP.js","statementMap":{"0":{"start":{"line":1,"column":14},"end":{"line":1,"column":32}},"1":{"start":{"line":2,"column":15},"end":{"line":2,"column":34}},"2":{"start":{"line":3,"column":14},"end":{"line":3,"column":41}},"3":{"start":{"line":4,"column":16},"end":{"line":4,"column":43}},"4":{"start":{"line":11,"column":13},"end":{"line":11,"column":29}},"5":{"start":{"line":13,"column":0},"end":{"line":73,"column":7}},"6":{"start":{"line":16,"column":8},"end":{"line":46,"column":5}},"7":{"start":{"line":17,"column":12},"end":{"line":17,"column":63}},"8":{"start":{"line":20,"column":17},"end":{"line":20,"column":18}},"9":{"start":{"line":21,"column":8},"end":{"line":45,"column":11}},"10":{"start":{"line":24,"column":12},"end":{"line":28,"column":13}},"11":{"start":{"line":24,"column":22},"end":{"line":24,"column":23}},"12":{"start":{"line":25,"column":16},"end":{"line":27,"column":17}},"13":{"start":{"line":26,"column":20},"end":{"line":26,"column":40}},"14":{"start":{"line":31,"column":23},"end":{"line":31,"column":36}},"15":{"start":{"line":33,"column":12},"end":{"line":33,"column":57}},"16":{"start":{"line":35,"column":12},"end":{"line":35,"column":47}},"17":{"start":{"line":36,"column":12},"end":{"line":36,"column":36}},"18":{"start":{"line":37,"column":12},"end":{"line":37,"column":36}},"19":{"start":{"line":38,"column":12},"end":{"line":38,"column":40}},"20":{"start":{"line":39,"column":12},"end":{"line":39,"column":38}},"21":{"start":{"line":41,"column":12},"end":{"line":44,"column":15}},"22":{"start":{"line":43,"column":16},"end":{"line":43,"column":43}},"23":{"start":{"line":52,"column":8},"end":{"line":72,"column":11}},"24":{"start":{"line":71,"column":12},"end":{"line":71,"column":40}},"25":{"start":{"line":75,"column":0},"end":{"line":93,"column":7}},"26":{"start":{"line":79,"column":8},"end":{"line":92,"column":9}},"27":{"start":{"line":80,"column":12},"end":{"line":83,"column":15}},"28":{"start":{"line":82,"column":16},"end":{"line":82,"column":44}},"29":{"start":{"line":87,"column":12},"end":{"line":87,"column":41}},"30":{"start":{"line":88,"column":12},"end":{"line":91,"column":15}},"31":{"start":{"line":90,"column":16},"end":{"line":90,"column":44}},"32":{"start":{"line":94,"column":0},"end":{"line":102,"column":7}},"33":{"start":{"line":97,"column":8},"end":{"line":100,"column":11}},"34":{"start":{"line":99,"column":12},"end":{"line":99,"column":40}},"35":{"start":{"line":104,"column":2},"end":{"line":104,"column":26}}},"fnMap":{"0":{"name":"(anonymous_0)","decl":{"start":{"line":15,"column":10},"end":{"line":15,"column":11}},"loc":{"start":{"line":15,"column":30},"end":{"line":47,"column":5}},"line":15},"1":{"name":"(anonymous_1)","decl":{"start":{"line":21,"column":21},"end":{"line":21,"column":22}},"loc":{"start":{"line":21,"column":42},"end":{"line":45,"column":9}},"line":21},"2":{"name":"(anonymous_2)","decl":{"start":{"line":41,"column":22},"end":{"line":41,"column":23}},"loc":{"start":{"line":41,"column":37},"end":{"line":44,"column":13}},"line":41},"3":{"name":"(anonymous_3)","decl":{"start":{"line":49,"column":9},"end":{"line":49,"column":10}},"loc":{"start":{"line":49,"column":29},"end":{"line":73,"column":5}},"line":49},"4":{"name":"(anonymous_4)","decl":{"start":{"line":69,"column":16},"end":{"line":69,"column":17}},"loc":{"start":{"line":69,"column":38},"end":{"line":72,"column":9}},"line":69},"5":{"name":"(anonymous_5)","decl":{"start":{"line":77,"column":9},"end":{"line":77,"column":10}},"loc":{"start":{"line":77,"column":29},"end":{"line":93,"column":5}},"line":77},"6":{"name":"(anonymous_6)","decl":{"start":{"line":80,"column":55},"end":{"line":80,"column":56}},"loc":{"start":{"line":80,"column":77},"end":{"line":83,"column":13}},"line":80},"7":{"name":"(anonymous_7)","decl":{"start":{"line":88,"column":55},"end":{"line":88,"column":56}},"loc":{"start":{"line":88,"column":77},"end":{"line":91,"column":13}},"line":88},"8":{"name":"(anonymous_8)","decl":{"start":{"line":96,"column":9},"end":{"line":96,"column":10}},"loc":{"start":{"line":96,"column":29},"end":{"line":102,"column":5}},"line":96},"9":{"name":"(anonymous_9)","decl":{"start":{"line":97,"column":21},"end":{"line":97,"column":22}},"loc":{"start":{"line":97,"column":43},"end":{"line":100,"column":9}},"line":97}},"branchMap":{"0":{"loc":{"start":{"line":16,"column":8},"end":{"line":46,"column":5}},"type":"if","locations":[{"start":{"line":16,"column":8},"end":{"line":46,"column":5}},{"start":{"line":16,"column":8},"end":{"line":46,"column":5}}],"line":16},"1":{"loc":{"start":{"line":16,"column":11},"end":{"line":16,"column":87}},"type":"binary-expr","locations":[{"start":{"line":16,"column":11},"end":{"line":16,"column":25}},{"start":{"line":16,"column":27},"end":{"line":16,"column":40}},{"start":{"line":16,"column":42},"end":{"line":16,"column":55}},{"start":{"line":16,"column":57},"end":{"line":16,"column":72}},{"start":{"line":16,"column":74},"end":{"line":16,"column":87}}],"line":16},"2":{"loc":{"start":{"line":25,"column":16},"end":{"line":27,"column":17}},"type":"if","locations":[{"start":{"line":25,"column":16},"end":{"line":27,"column":17}},{"start":{"line":25,"column":16},"end":{"line":27,"column":17}}],"line":25},"3":{"loc":{"start":{"line":79,"column":8},"end":{"line":92,"column":9}},"type":"if","locations":[{"start":{"line":79,"column":8},"end":{"line":92,"column":9}},{"start":{"line":79,"column":8},"end":{"line":92,"column":9}}],"line":79}},"s":{"0":1,"1":1,"2":1,"3":1,"4":1,"5":1,"6":0,"7":0,"8":0,"9":0,"10":0,"11":0,"12":0,"13":0,"14":0,"15":0,"16":0,"17":0,"18":0,"19":0,"20":0,"21":0,"22":0,"23":0,"24":0,"25":1,"26":0,"27":0,"28":0,"29":0,"30":0,"31":0,"32":1,"33":0,"34":0,"35":1},"f":{"0":0,"1":0,"2":0,"3":0,"4":0,"5":0,"6":0,"7":0,"8":0,"9":0},"b":{"0":[0,0],"1":[0,0,0,0,0],"2":[0,0],"3":[0,0]},"_coverageSchema":"1a1c01bbd47fc00a2c39e90264f33305004495a9","hash":"ac06e80cbe3aa9f20dfac944a448d122dec7de58"}
,"C:\\Users\\Ayman\\OneDrive\\Desktop\\ProgettoIngegneriaSoftware\\lib\\addPronostici.js": {"path":"C:\\Users\\Ayman\\OneDrive\\Desktop\\ProgettoIngegneriaSoftware\\lib\\addPronostici.js","statementMap":{"0":{"start":{"line":1,"column":14},"end":{"line":1,"column":32}},"1":{"start":{"line":2,"column":12},"end":{"line":2,"column":35}},"2":{"start":{"line":4,"column":16},"end":{"line":4,"column":46}},"3":{"start":{"line":5,"column":16},"end":{"line":5,"column":46}},"4":{"start":{"line":6,"column":19},"end":{"line":6,"column":52}},"5":{"start":{"line":7,"column":13},"end":{"line":7,"column":44}},"6":{"start":{"line":8,"column":17},"end":{"line":8,"column":39}},"7":{"start":{"line":10,"column":13},"end":{"line":10,"column":29}},"8":{"start":{"line":13,"column":0},"end":{"line":21,"column":3}},"9":{"start":{"line":14,"column":22},"end":{"line":14,"column":30}},"10":{"start":{"line":15,"column":4},"end":{"line":17,"column":5}},"11":{"start":{"line":16,"column":8},"end":{"line":16,"column":15}},"12":{"start":{"line":18,"column":23},"end":{"line":18,"column":60}},"13":{"start":{"line":19,"column":13},"end":{"line":19,"column":34}},"14":{"start":{"line":20,"column":4},"end":{"line":20,"column":17}},"15":{"start":{"line":24,"column":0},"end":{"line":32,"column":3}},"16":{"start":{"line":25,"column":22},"end":{"line":25,"column":30}},"17":{"start":{"line":26,"column":4},"end":{"line":28,"column":5}},"18":{"start":{"line":27,"column":8},"end":{"line":27,"column":15}},"19":{"start":{"line":29,"column":23},"end":{"line":29,"column":60}},"20":{"start":{"line":30,"column":13},"end":{"line":30,"column":40}},"21":{"start":{"line":31,"column":4},"end":{"line":31,"column":17}},"22":{"start":{"line":35,"column":0},"end":{"line":48,"column":3}},"23":{"start":{"line":36,"column":4},"end":{"line":47,"column":7}},"24":{"start":{"line":37,"column":8},"end":{"line":46,"column":9}},"25":{"start":{"line":38,"column":12},"end":{"line":38,"column":63}},"26":{"start":{"line":41,"column":12},"end":{"line":45,"column":13}},"27":{"start":{"line":42,"column":16},"end":{"line":42,"column":76}},"28":{"start":{"line":44,"column":16},"end":{"line":44,"column":44}},"29":{"start":{"line":51,"column":0},"end":{"line":65,"column":3}},"30":{"start":{"line":53,"column":4},"end":{"line":64,"column":7}},"31":{"start":{"line":54,"column":8},"end":{"line":63,"column":9}},"32":{"start":{"line":55,"column":12},"end":{"line":55,"column":62}},"33":{"start":{"line":58,"column":12},"end":{"line":62,"column":13}},"34":{"start":{"line":59,"column":16},"end":{"line":59,"column":70}},"35":{"start":{"line":61,"column":16},"end":{"line":61,"column":49}},"36":{"start":{"line":71,"column":0},"end":{"line":90,"column":3}},"37":{"start":{"line":72,"column":17},"end":{"line":72,"column":30}},"38":{"start":{"line":74,"column":4},"end":{"line":89,"column":5}},"39":{"start":{"line":75,"column":8},"end":{"line":75,"column":72}},"40":{"start":{"line":78,"column":8},"end":{"line":88,"column":11}},"41":{"start":{"line":79,"column":12},"end":{"line":87,"column":13}},"42":{"start":{"line":80,"column":16},"end":{"line":80,"column":67}},"43":{"start":{"line":82,"column":16},"end":{"line":86,"column":17}},"44":{"start":{"line":83,"column":20},"end":{"line":83,"column":83}},"45":{"start":{"line":85,"column":20},"end":{"line":85,"column":58}},"46":{"start":{"line":93,"column":0},"end":{"line":126,"column":3}},"47":{"start":{"line":94,"column":4},"end":{"line":125,"column":7}},"48":{"start":{"line":112,"column":8},"end":{"line":124,"column":9}},"49":{"start":{"line":113,"column":12},"end":{"line":113,"column":63}},"50":{"start":{"line":116,"column":12},"end":{"line":123,"column":13}},"51":{"start":{"line":117,"column":16},"end":{"line":117,"column":105}},"52":{"start":{"line":119,"column":16},"end":{"line":121,"column":17}},"53":{"start":{"line":120,"column":20},"end":{"line":120,"column":34}},"54":{"start":{"line":122,"column":16},"end":{"line":122,"column":44}},"55":{"start":{"line":131,"column":0},"end":{"line":150,"column":3}},"56":{"start":{"line":132,"column":15},"end":{"line":132,"column":34}},"57":{"start":{"line":134,"column":4},"end":{"line":149,"column":5}},"58":{"start":{"line":135,"column":8},"end":{"line":135,"column":70}},"59":{"start":{"line":137,"column":8},"end":{"line":148,"column":11}},"60":{"start":{"line":138,"column":12},"end":{"line":147,"column":13}},"61":{"start":{"line":139,"column":16},"end":{"line":139,"column":67}},"62":{"start":{"line":142,"column":16},"end":{"line":146,"column":17}},"63":{"start":{"line":143,"column":20},"end":{"line":143,"column":79}},"64":{"start":{"line":145,"column":20},"end":{"line":145,"column":47}},"65":{"start":{"line":153,"column":0},"end":{"line":189,"column":3}},"66":{"start":{"line":154,"column":26},"end":{"line":154,"column":42}},"67":{"start":{"line":156,"column":4},"end":{"line":156,"column":47}},"68":{"start":{"line":157,"column":4},"end":{"line":157,"column":58}},"69":{"start":{"line":158,"column":4},"end":{"line":158,"column":50}},"70":{"start":{"line":159,"column":4},"end":{"line":159,"column":64}},"71":{"start":{"line":161,"column":4},"end":{"line":188,"column":5}},"72":{"start":{"line":162,"column":8},"end":{"line":162,"column":58}},"73":{"start":{"line":164,"column":8},"end":{"line":187,"column":9}},"74":{"start":{"line":165,"column":12},"end":{"line":165,"column":68}},"75":{"start":{"line":175,"column":12},"end":{"line":186,"column":15}},"76":{"start":{"line":176,"column":16},"end":{"line":185,"column":17}},"77":{"start":{"line":177,"column":20},"end":{"line":177,"column":71}},"78":{"start":{"line":180,"column":20},"end":{"line":184,"column":21}},"79":{"start":{"line":181,"column":24},"end":{"line":181,"column":91}},"80":{"start":{"line":183,"column":24},"end":{"line":183,"column":50}},"81":{"start":{"line":192,"column":0},"end":{"line":225,"column":3}},"82":{"start":{"line":193,"column":17},"end":{"line":193,"column":30}},"83":{"start":{"line":194,"column":25},"end":{"line":194,"column":44}},"84":{"start":{"line":196,"column":4},"end":{"line":224,"column":5}},"85":{"start":{"line":197,"column":8},"end":{"line":197,"column":58}},"86":{"start":{"line":200,"column":8},"end":{"line":202,"column":9}},"87":{"start":{"line":201,"column":12},"end":{"line":201,"column":31}},"88":{"start":{"line":204,"column":8},"end":{"line":204,"column":50}},"89":{"start":{"line":206,"column":8},"end":{"line":223,"column":9}},"90":{"start":{"line":207,"column":12},"end":{"line":207,"column":82}},"91":{"start":{"line":209,"column":12},"end":{"line":222,"column":15}},"92":{"start":{"line":210,"column":16},"end":{"line":221,"column":17}},"93":{"start":{"line":211,"column":20},"end":{"line":211,"column":78}},"94":{"start":{"line":214,"column":20},"end":{"line":220,"column":21}},"95":{"start":{"line":215,"column":24},"end":{"line":219,"column":25}},"96":{"start":{"line":216,"column":28},"end":{"line":216,"column":88}},"97":{"start":{"line":218,"column":28},"end":{"line":218,"column":66}},"98":{"start":{"line":228,"column":0},"end":{"line":253,"column":3}},"99":{"start":{"line":229,"column":17},"end":{"line":229,"column":30}},"100":{"start":{"line":231,"column":4},"end":{"line":252,"column":5}},"101":{"start":{"line":232,"column":8},"end":{"line":232,"column":56}},"102":{"start":{"line":234,"column":8},"end":{"line":251,"column":9}},"103":{"start":{"line":235,"column":12},"end":{"line":235,"column":78}},"104":{"start":{"line":237,"column":12},"end":{"line":250,"column":15}},"105":{"start":{"line":238,"column":16},"end":{"line":249,"column":17}},"106":{"start":{"line":239,"column":20},"end":{"line":239,"column":78}},"107":{"start":{"line":242,"column":20},"end":{"line":248,"column":21}},"108":{"start":{"line":243,"column":24},"end":{"line":247,"column":25}},"109":{"start":{"line":244,"column":28},"end":{"line":244,"column":94}},"110":{"start":{"line":246,"column":28},"end":{"line":246,"column":55}},"111":{"start":{"line":255,"column":0},"end":{"line":255,"column":24}}},"fnMap":{"0":{"name":"(anonymous_0)","decl":{"start":{"line":13,"column":19},"end":{"line":13,"column":20}},"loc":{"start":{"line":13,"column":39},"end":{"line":21,"column":1}},"line":13},"1":{"name":"(anonymous_1)","decl":{"start":{"line":24,"column":25},"end":{"line":24,"column":26}},"loc":{"start":{"line":24,"column":45},"end":{"line":32,"column":1}},"line":24},"2":{"name":"(anonymous_2)","decl":{"start":{"line":35,"column":23},"end":{"line":35,"column":24}},"loc":{"start":{"line":35,"column":37},"end":{"line":48,"column":1}},"line":35},"3":{"name":"(anonymous_3)","decl":{"start":{"line":36,"column":34},"end":{"line":36,"column":35}},"loc":{"start":{"line":36,"column":50},"end":{"line":47,"column":5}},"line":36},"4":{"name":"(anonymous_4)","decl":{"start":{"line":51,"column":26},"end":{"line":51,"column":27}},"loc":{"start":{"line":51,"column":40},"end":{"line":65,"column":1}},"line":51},"5":{"name":"(anonymous_5)","decl":{"start":{"line":53,"column":46},"end":{"line":53,"column":47}},"loc":{"start":{"line":53,"column":67},"end":{"line":64,"column":5}},"line":53},"6":{"name":"(anonymous_6)","decl":{"start":{"line":71,"column":30},"end":{"line":71,"column":31}},"loc":{"start":{"line":71,"column":44},"end":{"line":90,"column":1}},"line":71},"7":{"name":"(anonymous_7)","decl":{"start":{"line":78,"column":69},"end":{"line":78,"column":70}},"loc":{"start":{"line":78,"column":95},"end":{"line":88,"column":9}},"line":78},"8":{"name":"(anonymous_8)","decl":{"start":{"line":93,"column":34},"end":{"line":93,"column":35}},"loc":{"start":{"line":93,"column":60},"end":{"line":126,"column":1}},"line":93},"9":{"name":"(anonymous_9)","decl":{"start":{"line":111,"column":12},"end":{"line":111,"column":13}},"loc":{"start":{"line":111,"column":34},"end":{"line":125,"column":5}},"line":111},"10":{"name":"(anonymous_10)","decl":{"start":{"line":131,"column":30},"end":{"line":131,"column":31}},"loc":{"start":{"line":131,"column":44},"end":{"line":150,"column":1}},"line":131},"11":{"name":"(anonymous_11)","decl":{"start":{"line":137,"column":52},"end":{"line":137,"column":53}},"loc":{"start":{"line":137,"column":67},"end":{"line":148,"column":9}},"line":137},"12":{"name":"(anonymous_12)","decl":{"start":{"line":153,"column":32},"end":{"line":153,"column":33}},"loc":{"start":{"line":153,"column":46},"end":{"line":189,"column":1}},"line":153},"13":{"name":"(anonymous_13)","decl":{"start":{"line":175,"column":33},"end":{"line":175,"column":34}},"loc":{"start":{"line":175,"column":47},"end":{"line":186,"column":13}},"line":175},"14":{"name":"(anonymous_14)","decl":{"start":{"line":192,"column":33},"end":{"line":192,"column":34}},"loc":{"start":{"line":192,"column":47},"end":{"line":225,"column":1}},"line":192},"15":{"name":"(anonymous_15)","decl":{"start":{"line":209,"column":111},"end":{"line":209,"column":112}},"loc":{"start":{"line":209,"column":137},"end":{"line":222,"column":13}},"line":209},"16":{"name":"(anonymous_16)","decl":{"start":{"line":228,"column":40},"end":{"line":228,"column":41}},"loc":{"start":{"line":228,"column":54},"end":{"line":253,"column":1}},"line":228},"17":{"name":"(anonymous_17)","decl":{"start":{"line":237,"column":54},"end":{"line":237,"column":55}},"loc":{"start":{"line":237,"column":69},"end":{"line":250,"column":13}},"line":237}},"branchMap":{"0":{"loc":{"start":{"line":15,"column":4},"end":{"line":17,"column":5}},"type":"if","locations":[{"start":{"line":15,"column":4},"end":{"line":17,"column":5}},{"start":{"line":15,"column":4},"end":{"line":17,"column":5}}],"line":15},"1":{"loc":{"start":{"line":26,"column":4},"end":{"line":28,"column":5}},"type":"if","locations":[{"start":{"line":26,"column":4},"end":{"line":28,"column":5}},{"start":{"line":26,"column":4},"end":{"line":28,"column":5}}],"line":26},"2":{"loc":{"start":{"line":37,"column":8},"end":{"line":46,"column":9}},"type":"if","locations":[{"start":{"line":37,"column":8},"end":{"line":46,"column":9}},{"start":{"line":37,"column":8},"end":{"line":46,"column":9}}],"line":37},"3":{"loc":{"start":{"line":41,"column":12},"end":{"line":45,"column":13}},"type":"if","locations":[{"start":{"line":41,"column":12},"end":{"line":45,"column":13}},{"start":{"line":41,"column":12},"end":{"line":45,"column":13}}],"line":41},"4":{"loc":{"start":{"line":54,"column":8},"end":{"line":63,"column":9}},"type":"if","locations":[{"start":{"line":54,"column":8},"end":{"line":63,"column":9}},{"start":{"line":54,"column":8},"end":{"line":63,"column":9}}],"line":54},"5":{"loc":{"start":{"line":58,"column":12},"end":{"line":62,"column":13}},"type":"if","locations":[{"start":{"line":58,"column":12},"end":{"line":62,"column":13}},{"start":{"line":58,"column":12},"end":{"line":62,"column":13}}],"line":58},"6":{"loc":{"start":{"line":74,"column":4},"end":{"line":89,"column":5}},"type":"if","locations":[{"start":{"line":74,"column":4},"end":{"line":89,"column":5}},{"start":{"line":74,"column":4},"end":{"line":89,"column":5}}],"line":74},"7":{"loc":{"start":{"line":79,"column":12},"end":{"line":87,"column":13}},"type":"if","locations":[{"start":{"line":79,"column":12},"end":{"line":87,"column":13}},{"start":{"line":79,"column":12},"end":{"line":87,"column":13}}],"line":79},"8":{"loc":{"start":{"line":82,"column":16},"end":{"line":86,"column":17}},"type":"if","locations":[{"start":{"line":82,"column":16},"end":{"line":86,"column":17}},{"start":{"line":82,"column":16},"end":{"line":86,"column":17}}],"line":82},"9":{"loc":{"start":{"line":112,"column":8},"end":{"line":124,"column":9}},"type":"if","locations":[{"start":{"line":112,"column":8},"end":{"line":124,"column":9}},{"start":{"line":112,"column":8},"end":{"line":124,"column":9}}],"line":112},"10":{"loc":{"start":{"line":116,"column":12},"end":{"line":123,"column":13}},"type":"if","locations":[{"start":{"line":116,"column":12},"end":{"line":123,"column":13}},{"start":{"line":116,"column":12},"end":{"line":123,"column":13}}],"line":116},"11":{"loc":{"start":{"line":134,"column":4},"end":{"line":149,"column":5}},"type":"if","locations":[{"start":{"line":134,"column":4},"end":{"line":149,"column":5}},{"start":{"line":134,"column":4},"end":{"line":149,"column":5}}],"line":134},"12":{"loc":{"start":{"line":138,"column":12},"end":{"line":147,"column":13}},"type":"if","locations":[{"start":{"line":138,"column":12},"end":{"line":147,"column":13}},{"start":{"line":138,"column":12},"end":{"line":147,"column":13}}],"line":138},"13":{"loc":{"start":{"line":142,"column":16},"end":{"line":146,"column":17}},"type":"if","locations":[{"start":{"line":142,"column":16},"end":{"line":146,"column":17}},{"start":{"line":142,"column":16},"end":{"line":146,"column":17}}],"line":142},"14":{"loc":{"start":{"line":161,"column":4},"end":{"line":188,"column":5}},"type":"if","locations":[{"start":{"line":161,"column":4},"end":{"line":188,"column":5}},{"start":{"line":161,"column":4},"end":{"line":188,"column":5}}],"line":161},"15":{"loc":{"start":{"line":161,"column":7},"end":{"line":161,"column":138}},"type":"binary-expr","locations":[{"start":{"line":161,"column":7},"end":{"line":161,"column":33}},{"start":{"line":161,"column":37},"end":{"line":161,"column":64}},{"start":{"line":161,"column":68},"end":{"line":161,"column":103}},{"start":{"line":161,"column":107},"end":{"line":161,"column":138}}],"line":161},"16":{"loc":{"start":{"line":164,"column":8},"end":{"line":187,"column":9}},"type":"if","locations":[{"start":{"line":164,"column":8},"end":{"line":187,"column":9}},{"start":{"line":164,"column":8},"end":{"line":187,"column":9}}],"line":164},"17":{"loc":{"start":{"line":164,"column":11},"end":{"line":164,"column":100}},"type":"binary-expr","locations":[{"start":{"line":164,"column":11},"end":{"line":164,"column":36}},{"start":{"line":164,"column":40},"end":{"line":164,"column":70}},{"start":{"line":164,"column":74},"end":{"line":164,"column":100}}],"line":164},"18":{"loc":{"start":{"line":176,"column":16},"end":{"line":185,"column":17}},"type":"if","locations":[{"start":{"line":176,"column":16},"end":{"line":185,"column":17}},{"start":{"line":176,"column":16},"end":{"line":185,"column":17}}],"line":176},"19":{"loc":{"start":{"line":180,"column":20},"end":{"line":184,"column":21}},"type":"if","locations":[{"start":{"line":180,"column":20},"end":{"line":184,"column":21}},{"start":{"line":180,"column":20},"end":{"line":184,"column":21}}],"line":180},"20":{"loc":{"start":{"line":196,"column":4},"end":{"line":224,"column":5}},"type":"if","locations":[{"start":{"line":196,"column":4},"end":{"line":224,"column":5}},{"start":{"line":196,"column":4},"end":{"line":224,"column":5}}],"line":196},"21":{"loc":{"start":{"line":196,"column":7},"end":{"line":196,"column":47}},"type":"binary-expr","locations":[{"start":{"line":196,"column":7},"end":{"line":196,"column":21}},{"start":{"line":196,"column":25},"end":{"line":196,"column":47}}],"line":196},"22":{"loc":{"start":{"line":200,"column":8},"end":{"line":202,"column":9}},"type":"if","locations":[{"start":{"line":200,"column":8},"end":{"line":202,"column":9}},{"start":{"line":200,"column":8},"end":{"line":202,"column":9}}],"line":200},"23":{"loc":{"start":{"line":206,"column":8},"end":{"line":223,"column":9}},"type":"if","locations":[{"start":{"line":206,"column":8},"end":{"line":223,"column":9}},{"start":{"line":206,"column":8},"end":{"line":223,"column":9}}],"line":206},"24":{"loc":{"start":{"line":206,"column":12},"end":{"line":206,"column":50}},"type":"binary-expr","locations":[{"start":{"line":206,"column":12},"end":{"line":206,"column":33}},{"start":{"line":206,"column":37},"end":{"line":206,"column":50}}],"line":206},"25":{"loc":{"start":{"line":210,"column":16},"end":{"line":221,"column":17}},"type":"if","locations":[{"start":{"line":210,"column":16},"end":{"line":221,"column":17}},{"start":{"line":210,"column":16},"end":{"line":221,"column":17}}],"line":210},"26":{"loc":{"start":{"line":214,"column":20},"end":{"line":220,"column":21}},"type":"if","locations":[{"start":{"line":214,"column":20},"end":{"line":220,"column":21}},{"start":{"line":214,"column":20},"end":{"line":220,"column":21}}],"line":214},"27":{"loc":{"start":{"line":215,"column":24},"end":{"line":219,"column":25}},"type":"if","locations":[{"start":{"line":215,"column":24},"end":{"line":219,"column":25}},{"start":{"line":215,"column":24},"end":{"line":219,"column":25}}],"line":215},"28":{"loc":{"start":{"line":231,"column":4},"end":{"line":252,"column":5}},"type":"if","locations":[{"start":{"line":231,"column":4},"end":{"line":252,"column":5}},{"start":{"line":231,"column":4},"end":{"line":252,"column":5}}],"line":231},"29":{"loc":{"start":{"line":234,"column":8},"end":{"line":251,"column":9}},"type":"if","locations":[{"start":{"line":234,"column":8},"end":{"line":251,"column":9}},{"start":{"line":234,"column":8},"end":{"line":251,"column":9}}],"line":234},"30":{"loc":{"start":{"line":238,"column":16},"end":{"line":249,"column":17}},"type":"if","locations":[{"start":{"line":238,"column":16},"end":{"line":249,"column":17}},{"start":{"line":238,"column":16},"end":{"line":249,"column":17}}],"line":238},"31":{"loc":{"start":{"line":242,"column":20},"end":{"line":248,"column":21}},"type":"if","locations":[{"start":{"line":242,"column":20},"end":{"line":248,"column":21}},{"start":{"line":242,"column":20},"end":{"line":248,"column":21}}],"line":242},"32":{"loc":{"start":{"line":243,"column":24},"end":{"line":247,"column":25}},"type":"if","locations":[{"start":{"line":243,"column":24},"end":{"line":247,"column":25}},{"start":{"line":243,"column":24},"end":{"line":247,"column":25}}],"line":243}},"s":{"0":1,"1":1,"2":1,"3":1,"4":1,"5":1,"6":1,"7":1,"8":1,"9":0,"10":0,"11":0,"12":0,"13":0,"14":0,"15":1,"16":0,"17":0,"18":0,"19":0,"20":0,"21":0,"22":1,"23":1,"24":1,"25":0,"26":1,"27":0,"28":1,"29":1,"30":1,"31":1,"32":0,"33":1,"34":0,"35":1,"36":1,"37":3,"38":3,"39":1,"40":2,"41":2,"42":0,"43":2,"44":1,"45":1,"46":1,"47":1,"48":1,"49":0,"50":1,"51":0,"52":1,"53":45,"54":1,"55":1,"56":2,"57":2,"58":0,"59":2,"60":2,"61":0,"62":2,"63":1,"64":1,"65":1,"66":4,"67":4,"68":4,"69":4,"70":4,"71":4,"72":3,"73":1,"74":0,"75":1,"76":1,"77":0,"78":1,"79":0,"80":1,"81":1,"82":1,"83":1,"84":1,"85":0,"86":1,"87":0,"88":1,"89":1,"90":0,"91":1,"92":1,"93":0,"94":1,"95":1,"96":0,"97":1,"98":1,"99":0,"100":0,"101":0,"102":0,"103":0,"104":0,"105":0,"106":0,"107":0,"108":0,"109":0,"110":0,"111":1},"f":{"0":0,"1":0,"2":1,"3":1,"4":1,"5":1,"6":3,"7":2,"8":1,"9":1,"10":2,"11":2,"12":4,"13":1,"14":1,"15":1,"16":0,"17":0},"b":{"0":[0,0],"1":[0,0],"2":[0,1],"3":[0,1],"4":[0,1],"5":[0,1],"6":[1,2],"7":[0,2],"8":[1,1],"9":[0,1],"10":[0,1],"11":[0,2],"12":[0,2],"13":[1,1],"14":[3,1],"15":[4,3,2,2],"16":[0,1],"17":[1,1,1],"18":[0,1],"19":[0,1],"20":[0,1],"21":[1,1],"22":[0,1],"23":[0,1],"24":[1,1],"25":[0,1],"26":[1,0],"27":[0,1],"28":[0,0],"29":[0,0],"30":[0,0],"31":[0,0],"32":[0,0]},"_coverageSchema":"1a1c01bbd47fc00a2c39e90264f33305004495a9","hash":"94ac98b4755bb7f9078e6095059d30183fa60f31"}
,"C:\\Users\\Ayman\\OneDrive\\Desktop\\ProgettoIngegneriaSoftware\\lib\\aggiorna_esiti.js": {"path":"C:\\Users\\Ayman\\OneDrive\\Desktop\\ProgettoIngegneriaSoftware\\lib\\aggiorna_esiti.js","statementMap":{"0":{"start":{"line":1,"column":14},"end":{"line":1,"column":32}},"1":{"start":{"line":2,"column":14},"end":{"line":2,"column":41}},"2":{"start":{"line":3,"column":17},"end":{"line":3,"column":47}},"3":{"start":{"line":4,"column":16},"end":{"line":4,"column":43}},"4":{"start":{"line":5,"column":15},"end":{"line":5,"column":43}},"5":{"start":{"line":7,"column":13},"end":{"line":7,"column":29}},"6":{"start":{"line":8,"column":14},"end":{"line":8,"column":15}},"7":{"start":{"line":10,"column":16},"end":{"line":10,"column":27}},"8":{"start":{"line":13,"column":0},"end":{"line":39,"column":3}},"9":{"start":{"line":15,"column":4},"end":{"line":38,"column":5}},"10":{"start":{"line":33,"column":8},"end":{"line":33,"column":35}},"11":{"start":{"line":33,"column":19},"end":{"line":33,"column":33}},"12":{"start":{"line":35,"column":8},"end":{"line":36,"column":24}},"13":{"start":{"line":36,"column":10},"end":{"line":36,"column":24}},"14":{"start":{"line":37,"column":8},"end":{"line":37,"column":36}},"15":{"start":{"line":42,"column":0},"end":{"line":65,"column":3}},"16":{"start":{"line":43,"column":14},"end":{"line":43,"column":25}},"17":{"start":{"line":44,"column":2},"end":{"line":64,"column":3}},"18":{"start":{"line":45,"column":4},"end":{"line":45,"column":61}},"19":{"start":{"line":47,"column":7},"end":{"line":64,"column":3}},"20":{"start":{"line":48,"column":4},"end":{"line":48,"column":66}},"21":{"start":{"line":51,"column":4},"end":{"line":51,"column":27}},"22":{"start":{"line":51,"column":29},"end":{"line":51,"column":52}},"23":{"start":{"line":52,"column":4},"end":{"line":52,"column":27}},"24":{"start":{"line":52,"column":29},"end":{"line":52,"column":52}},"25":{"start":{"line":53,"column":4},"end":{"line":53,"column":27}},"26":{"start":{"line":54,"column":4},"end":{"line":54,"column":33}},"27":{"start":{"line":54,"column":35},"end":{"line":54,"column":64}},"28":{"start":{"line":55,"column":4},"end":{"line":55,"column":33}},"29":{"start":{"line":55,"column":35},"end":{"line":55,"column":64}},"30":{"start":{"line":56,"column":4},"end":{"line":56,"column":33}},"31":{"start":{"line":57,"column":4},"end":{"line":57,"column":84}},"32":{"start":{"line":57,"column":16},"end":{"line":57,"column":17}},"33":{"start":{"line":57,"column":32},"end":{"line":57,"column":82}},"34":{"start":{"line":57,"column":59},"end":{"line":57,"column":82}},"35":{"start":{"line":58,"column":4},"end":{"line":58,"column":37}},"36":{"start":{"line":59,"column":4},"end":{"line":59,"column":37}},"37":{"start":{"line":60,"column":4},"end":{"line":60,"column":51}},"38":{"start":{"line":61,"column":14},"end":{"line":61,"column":134}},"39":{"start":{"line":62,"column":4},"end":{"line":62,"column":148}},"40":{"start":{"line":63,"column":4},"end":{"line":63,"column":46}},"41":{"start":{"line":70,"column":15},"end":{"line":70,"column":16}},"42":{"start":{"line":71,"column":2},"end":{"line":74,"column":5}},"43":{"start":{"line":72,"column":4},"end":{"line":72,"column":21}},"44":{"start":{"line":73,"column":4},"end":{"line":73,"column":33}},"45":{"start":{"line":80,"column":12},"end":{"line":80,"column":13}},"46":{"start":{"line":81,"column":2},"end":{"line":102,"column":5}},"47":{"start":{"line":82,"column":4},"end":{"line":101,"column":5}},"48":{"start":{"line":82,"column":13},"end":{"line":82,"column":39}},"49":{"start":{"line":83,"column":9},"end":{"line":83,"column":95}},"50":{"start":{"line":83,"column":29},"end":{"line":83,"column":93}},"51":{"start":{"line":84,"column":6},"end":{"line":90,"column":7}},"52":{"start":{"line":85,"column":8},"end":{"line":89,"column":9}},"53":{"start":{"line":86,"column":8},"end":{"line":88,"column":68}},"54":{"start":{"line":86,"column":37},"end":{"line":86,"column":63}},"55":{"start":{"line":87,"column":13},"end":{"line":88,"column":68}},"56":{"start":{"line":87,"column":42},"end":{"line":87,"column":68}},"57":{"start":{"line":88,"column":13},"end":{"line":88,"column":68}},"58":{"start":{"line":88,"column":42},"end":{"line":88,"column":68}},"59":{"start":{"line":92,"column":6},"end":{"line":99,"column":7}},"60":{"start":{"line":93,"column":8},"end":{"line":98,"column":9}},"61":{"start":{"line":94,"column":10},"end":{"line":97,"column":11}},"62":{"start":{"line":95,"column":12},"end":{"line":95,"column":18}},"63":{"start":{"line":96,"column":12},"end":{"line":96,"column":18}},"64":{"start":{"line":100,"column":6},"end":{"line":100,"column":34}},"65":{"start":{"line":107,"column":21},"end":{"line":107,"column":22}},"66":{"start":{"line":108,"column":2},"end":{"line":113,"column":5}},"67":{"start":{"line":109,"column":4},"end":{"line":112,"column":5}},"68":{"start":{"line":110,"column":6},"end":{"line":110,"column":32}},"69":{"start":{"line":111,"column":6},"end":{"line":111,"column":43}},"70":{"start":{"line":117,"column":2},"end":{"line":117,"column":11}},"71":{"start":{"line":118,"column":2},"end":{"line":118,"column":11}},"72":{"start":{"line":119,"column":2},"end":{"line":123,"column":5}},"73":{"start":{"line":120,"column":4},"end":{"line":120,"column":19}},"74":{"start":{"line":121,"column":4},"end":{"line":121,"column":19}},"75":{"start":{"line":122,"column":4},"end":{"line":122,"column":36}},"76":{"start":{"line":128,"column":2},"end":{"line":133,"column":3}},"77":{"start":{"line":129,"column":4},"end":{"line":129,"column":46}},"78":{"start":{"line":130,"column":4},"end":{"line":132,"column":7}},"79":{"start":{"line":131,"column":6},"end":{"line":131,"column":32}},"80":{"start":{"line":131,"column":15},"end":{"line":131,"column":31}},"81":{"start":{"line":138,"column":2},"end":{"line":152,"column":5}},"82":{"start":{"line":139,"column":4},"end":{"line":139,"column":21}},"83":{"start":{"line":140,"column":4},"end":{"line":151,"column":5}},"84":{"start":{"line":141,"column":6},"end":{"line":150,"column":9}},"85":{"start":{"line":142,"column":8},"end":{"line":149,"column":11}},"86":{"start":{"line":143,"column":10},"end":{"line":145,"column":12}},"87":{"start":{"line":144,"column":12},"end":{"line":144,"column":79}},"88":{"start":{"line":146,"column":10},"end":{"line":148,"column":12}},"89":{"start":{"line":147,"column":12},"end":{"line":147,"column":67}},"90":{"start":{"line":156,"column":2},"end":{"line":185,"column":3}},"91":{"start":{"line":157,"column":4},"end":{"line":184,"column":6}},"92":{"start":{"line":158,"column":6},"end":{"line":165,"column":7}},"93":{"start":{"line":159,"column":8},"end":{"line":161,"column":11}},"94":{"start":{"line":160,"column":10},"end":{"line":160,"column":36}},"95":{"start":{"line":160,"column":19},"end":{"line":160,"column":35}},"96":{"start":{"line":162,"column":8},"end":{"line":164,"column":11}},"97":{"start":{"line":163,"column":10},"end":{"line":163,"column":36}},"98":{"start":{"line":163,"column":19},"end":{"line":163,"column":35}},"99":{"start":{"line":166,"column":6},"end":{"line":173,"column":7}},"100":{"start":{"line":167,"column":8},"end":{"line":169,"column":11}},"101":{"start":{"line":168,"column":10},"end":{"line":168,"column":36}},"102":{"start":{"line":168,"column":19},"end":{"line":168,"column":35}},"103":{"start":{"line":170,"column":8},"end":{"line":172,"column":11}},"104":{"start":{"line":171,"column":10},"end":{"line":171,"column":36}},"105":{"start":{"line":171,"column":19},"end":{"line":171,"column":35}},"106":{"start":{"line":174,"column":6},"end":{"line":181,"column":7}},"107":{"start":{"line":175,"column":8},"end":{"line":177,"column":11}},"108":{"start":{"line":176,"column":10},"end":{"line":176,"column":36}},"109":{"start":{"line":176,"column":19},"end":{"line":176,"column":35}},"110":{"start":{"line":178,"column":8},"end":{"line":180,"column":11}},"111":{"start":{"line":179,"column":10},"end":{"line":179,"column":36}},"112":{"start":{"line":179,"column":19},"end":{"line":179,"column":35}},"113":{"start":{"line":182,"column":6},"end":{"line":182,"column":60}},"114":{"start":{"line":183,"column":6},"end":{"line":183,"column":60}},"115":{"start":{"line":188,"column":0},"end":{"line":188,"column":24}}},"fnMap":{"0":{"name":"(anonymous_0)","decl":{"start":{"line":13,"column":33},"end":{"line":13,"column":34}},"loc":{"start":{"line":13,"column":53},"end":{"line":39,"column":1}},"line":13},"1":{"name":"(anonymous_1)","decl":{"start":{"line":32,"column":12},"end":{"line":32,"column":13}},"loc":{"start":{"line":32,"column":34},"end":{"line":38,"column":3}},"line":32},"2":{"name":"(anonymous_2)","decl":{"start":{"line":42,"column":39},"end":{"line":42,"column":40}},"loc":{"start":{"line":42,"column":59},"end":{"line":65,"column":1}},"line":42},"3":{"name":"get_max_idU","decl":{"start":{"line":69,"column":9},"end":{"line":69,"column":20}},"loc":{"start":{"line":69,"column":30},"end":{"line":75,"column":1}},"line":69},"4":{"name":"(anonymous_4)","decl":{"start":{"line":71,"column":41},"end":{"line":71,"column":42}},"loc":{"start":{"line":71,"column":59},"end":{"line":74,"column":3}},"line":71},"5":{"name":"calcola_punti_totalizzati","decl":{"start":{"line":79,"column":9},"end":{"line":79,"column":34}},"loc":{"start":{"line":79,"column":52},"end":{"line":103,"column":1}},"line":79},"6":{"name":"(anonymous_6)","decl":{"start":{"line":81,"column":33},"end":{"line":81,"column":34}},"loc":{"start":{"line":81,"column":53},"end":{"line":102,"column":3}},"line":81},"7":{"name":"(anonymous_7)","decl":{"start":{"line":83,"column":20},"end":{"line":83,"column":21}},"loc":{"start":{"line":83,"column":29},"end":{"line":83,"column":93}},"line":83},"8":{"name":"get_punti_utente","decl":{"start":{"line":106,"column":9},"end":{"line":106,"column":25}},"loc":{"start":{"line":106,"column":38},"end":{"line":114,"column":1}},"line":106},"9":{"name":"(anonymous_9)","decl":{"start":{"line":108,"column":33},"end":{"line":108,"column":34}},"loc":{"start":{"line":108,"column":52},"end":{"line":113,"column":3}},"line":108},"10":{"name":"get_squadre","decl":{"start":{"line":116,"column":9},"end":{"line":116,"column":20}},"loc":{"start":{"line":116,"column":36},"end":{"line":124,"column":1}},"line":116},"11":{"name":"(anonymous_11)","decl":{"start":{"line":119,"column":33},"end":{"line":119,"column":34}},"loc":{"start":{"line":119,"column":52},"end":{"line":123,"column":3}},"line":119},"12":{"name":"aggiorna_esiti","decl":{"start":{"line":127,"column":9},"end":{"line":127,"column":23}},"loc":{"start":{"line":127,"column":30},"end":{"line":134,"column":1}},"line":127},"13":{"name":"(anonymous_13)","decl":{"start":{"line":130,"column":61},"end":{"line":130,"column":62}},"loc":{"start":{"line":130,"column":82},"end":{"line":132,"column":5}},"line":130},"14":{"name":"aggiorna_punti","decl":{"start":{"line":137,"column":9},"end":{"line":137,"column":23}},"loc":{"start":{"line":137,"column":30},"end":{"line":153,"column":1}},"line":137},"15":{"name":"(anonymous_15)","decl":{"start":{"line":138,"column":14},"end":{"line":138,"column":15}},"loc":{"start":{"line":138,"column":27},"end":{"line":152,"column":3}},"line":138},"16":{"name":"(anonymous_16)","decl":{"start":{"line":141,"column":40},"end":{"line":141,"column":41}},"loc":{"start":{"line":141,"column":55},"end":{"line":150,"column":7}},"line":141},"17":{"name":"(anonymous_17)","decl":{"start":{"line":142,"column":27},"end":{"line":142,"column":28}},"loc":{"start":{"line":142,"column":52},"end":{"line":149,"column":9}},"line":142},"18":{"name":"(anonymous_18)","decl":{"start":{"line":143,"column":62},"end":{"line":143,"column":63}},"loc":{"start":{"line":143,"column":82},"end":{"line":145,"column":11}},"line":143},"19":{"name":"(anonymous_19)","decl":{"start":{"line":146,"column":66},"end":{"line":146,"column":67}},"loc":{"start":{"line":146,"column":86},"end":{"line":148,"column":11}},"line":146},"20":{"name":"aggiorna_statistiche_squadre","decl":{"start":{"line":155,"column":9},"end":{"line":155,"column":37}},"loc":{"start":{"line":155,"column":44},"end":{"line":186,"column":1}},"line":155},"21":{"name":"(anonymous_21)","decl":{"start":{"line":157,"column":33},"end":{"line":157,"column":34}},"loc":{"start":{"line":157,"column":52},"end":{"line":184,"column":5}},"line":157},"22":{"name":"(anonymous_22)","decl":{"start":{"line":159,"column":52},"end":{"line":159,"column":53}},"loc":{"start":{"line":159,"column":73},"end":{"line":161,"column":9}},"line":159},"23":{"name":"(anonymous_23)","decl":{"start":{"line":162,"column":52},"end":{"line":162,"column":53}},"loc":{"start":{"line":162,"column":73},"end":{"line":164,"column":9}},"line":162},"24":{"name":"(anonymous_24)","decl":{"start":{"line":167,"column":52},"end":{"line":167,"column":53}},"loc":{"start":{"line":167,"column":73},"end":{"line":169,"column":9}},"line":167},"25":{"name":"(anonymous_25)","decl":{"start":{"line":170,"column":52},"end":{"line":170,"column":53}},"loc":{"start":{"line":170,"column":73},"end":{"line":172,"column":9}},"line":170},"26":{"name":"(anonymous_26)","decl":{"start":{"line":175,"column":52},"end":{"line":175,"column":53}},"loc":{"start":{"line":175,"column":73},"end":{"line":177,"column":9}},"line":175},"27":{"name":"(anonymous_27)","decl":{"start":{"line":178,"column":52},"end":{"line":178,"column":53}},"loc":{"start":{"line":178,"column":73},"end":{"line":180,"column":9}},"line":178}},"branchMap":{"0":{"loc":{"start":{"line":33,"column":8},"end":{"line":33,"column":35}},"type":"if","locations":[{"start":{"line":33,"column":8},"end":{"line":33,"column":35}},{"start":{"line":33,"column":8},"end":{"line":33,"column":35}}],"line":33},"1":{"loc":{"start":{"line":44,"column":2},"end":{"line":64,"column":3}},"type":"if","locations":[{"start":{"line":44,"column":2},"end":{"line":64,"column":3}},{"start":{"line":44,"column":2},"end":{"line":64,"column":3}}],"line":44},"2":{"loc":{"start":{"line":44,"column":5},"end":{"line":44,"column":81}},"type":"binary-expr","locations":[{"start":{"line":44,"column":5},"end":{"line":44,"column":17}},{"start":{"line":44,"column":21},"end":{"line":44,"column":33}},{"start":{"line":44,"column":37},"end":{"line":44,"column":49}},{"start":{"line":44,"column":53},"end":{"line":44,"column":65}},{"start":{"line":44,"column":69},"end":{"line":44,"column":81}}],"line":44},"3":{"loc":{"start":{"line":47,"column":7},"end":{"line":64,"column":3}},"type":"if","locations":[{"start":{"line":47,"column":7},"end":{"line":64,"column":3}},{"start":{"line":47,"column":7},"end":{"line":64,"column":3}}],"line":47},"4":{"loc":{"start":{"line":47,"column":10},"end":{"line":47,"column":96}},"type":"binary-expr","locations":[{"start":{"line":47,"column":10},"end":{"line":47,"column":24}},{"start":{"line":47,"column":28},"end":{"line":47,"column":42}},{"start":{"line":47,"column":46},"end":{"line":47,"column":60}},{"start":{"line":47,"column":64},"end":{"line":47,"column":78}},{"start":{"line":47,"column":82},"end":{"line":47,"column":96}}],"line":47},"5":{"loc":{"start":{"line":57,"column":32},"end":{"line":57,"column":82}},"type":"if","locations":[{"start":{"line":57,"column":32},"end":{"line":57,"column":82}},{"start":{"line":57,"column":32},"end":{"line":57,"column":82}}],"line":57},"6":{"loc":{"start":{"line":73,"column":4},"end":{"line":73,"column":32}},"type":"binary-expr","locations":[{"start":{"line":73,"column":4},"end":{"line":73,"column":12}},{"start":{"line":73,"column":16},"end":{"line":73,"column":32}}],"line":73},"7":{"loc":{"start":{"line":82,"column":4},"end":{"line":101,"column":5}},"type":"if","locations":[{"start":{"line":82,"column":4},"end":{"line":101,"column":5}},{"start":{"line":82,"column":4},"end":{"line":101,"column":5}}],"line":82},"8":{"loc":{"start":{"line":82,"column":13},"end":{"line":82,"column":38}},"type":"binary-expr","locations":[{"start":{"line":82,"column":13},"end":{"line":82,"column":21}},{"start":{"line":82,"column":25},"end":{"line":82,"column":38}}],"line":82},"9":{"loc":{"start":{"line":83,"column":29},"end":{"line":83,"column":93}},"type":"cond-expr","locations":[{"start":{"line":83,"column":55},"end":{"line":83,"column":56}},{"start":{"line":83,"column":60},"end":{"line":83,"column":92}}],"line":83},"10":{"loc":{"start":{"line":83,"column":60},"end":{"line":83,"column":92}},"type":"cond-expr","locations":[{"start":{"line":83,"column":86},"end":{"line":83,"column":88}},{"start":{"line":83,"column":91},"end":{"line":83,"column":92}}],"line":83},"11":{"loc":{"start":{"line":85,"column":8},"end":{"line":89,"column":9}},"type":"if","locations":[{"start":{"line":85,"column":8},"end":{"line":89,"column":9}},{"start":{"line":85,"column":8},"end":{"line":89,"column":9}}],"line":85},"12":{"loc":{"start":{"line":86,"column":8},"end":{"line":88,"column":68}},"type":"if","locations":[{"start":{"line":86,"column":8},"end":{"line":88,"column":68}},{"start":{"line":86,"column":8},"end":{"line":88,"column":68}}],"line":86},"13":{"loc":{"start":{"line":87,"column":13},"end":{"line":88,"column":68}},"type":"if","locations":[{"start":{"line":87,"column":13},"end":{"line":88,"column":68}},{"start":{"line":87,"column":13},"end":{"line":88,"column":68}}],"line":87},"14":{"loc":{"start":{"line":88,"column":13},"end":{"line":88,"column":68}},"type":"if","locations":[{"start":{"line":88,"column":13},"end":{"line":88,"column":68}},{"start":{"line":88,"column":13},"end":{"line":88,"column":68}}],"line":88},"15":{"loc":{"start":{"line":94,"column":10},"end":{"line":97,"column":11}},"type":"if","locations":[{"start":{"line":94,"column":10},"end":{"line":97,"column":11}},{"start":{"line":94,"column":10},"end":{"line":97,"column":11}}],"line":94},"16":{"loc":{"start":{"line":94,"column":13},"end":{"line":94,"column":105}},"type":"binary-expr","locations":[{"start":{"line":94,"column":13},"end":{"line":94,"column":34}},{"start":{"line":94,"column":38},"end":{"line":94,"column":70}},{"start":{"line":94,"column":74},"end":{"line":94,"column":105}}],"line":94},"17":{"loc":{"start":{"line":100,"column":6},"end":{"line":100,"column":33}},"type":"binary-expr","locations":[{"start":{"line":100,"column":6},"end":{"line":100,"column":14}},{"start":{"line":100,"column":18},"end":{"line":100,"column":33}}],"line":100},"18":{"loc":{"start":{"line":109,"column":4},"end":{"line":112,"column":5}},"type":"if","locations":[{"start":{"line":109,"column":4},"end":{"line":112,"column":5}},{"start":{"line":109,"column":4},"end":{"line":112,"column":5}}],"line":109},"19":{"loc":{"start":{"line":111,"column":6},"end":{"line":111,"column":42}},"type":"binary-expr","locations":[{"start":{"line":111,"column":6},"end":{"line":111,"column":14}},{"start":{"line":111,"column":18},"end":{"line":111,"column":42}}],"line":111},"20":{"loc":{"start":{"line":122,"column":4},"end":{"line":122,"column":35}},"type":"binary-expr","locations":[{"start":{"line":122,"column":4},"end":{"line":122,"column":12}},{"start":{"line":122,"column":16},"end":{"line":122,"column":35}}],"line":122},"21":{"loc":{"start":{"line":131,"column":6},"end":{"line":131,"column":32}},"type":"if","locations":[{"start":{"line":131,"column":6},"end":{"line":131,"column":32}},{"start":{"line":131,"column":6},"end":{"line":131,"column":32}}],"line":131},"22":{"loc":{"start":{"line":158,"column":6},"end":{"line":165,"column":7}},"type":"if","locations":[{"start":{"line":158,"column":6},"end":{"line":165,"column":7}},{"start":{"line":158,"column":6},"end":{"line":165,"column":7}}],"line":158},"23":{"loc":{"start":{"line":160,"column":10},"end":{"line":160,"column":36}},"type":"if","locations":[{"start":{"line":160,"column":10},"end":{"line":160,"column":36}},{"start":{"line":160,"column":10},"end":{"line":160,"column":36}}],"line":160},"24":{"loc":{"start":{"line":163,"column":10},"end":{"line":163,"column":36}},"type":"if","locations":[{"start":{"line":163,"column":10},"end":{"line":163,"column":36}},{"start":{"line":163,"column":10},"end":{"line":163,"column":36}}],"line":163},"25":{"loc":{"start":{"line":166,"column":6},"end":{"line":173,"column":7}},"type":"if","locations":[{"start":{"line":166,"column":6},"end":{"line":173,"column":7}},{"start":{"line":166,"column":6},"end":{"line":173,"column":7}}],"line":166},"26":{"loc":{"start":{"line":168,"column":10},"end":{"line":168,"column":36}},"type":"if","locations":[{"start":{"line":168,"column":10},"end":{"line":168,"column":36}},{"start":{"line":168,"column":10},"end":{"line":168,"column":36}}],"line":168},"27":{"loc":{"start":{"line":171,"column":10},"end":{"line":171,"column":36}},"type":"if","locations":[{"start":{"line":171,"column":10},"end":{"line":171,"column":36}},{"start":{"line":171,"column":10},"end":{"line":171,"column":36}}],"line":171},"28":{"loc":{"start":{"line":174,"column":6},"end":{"line":181,"column":7}},"type":"if","locations":[{"start":{"line":174,"column":6},"end":{"line":181,"column":7}},{"start":{"line":174,"column":6},"end":{"line":181,"column":7}}],"line":174},"29":{"loc":{"start":{"line":176,"column":10},"end":{"line":176,"column":36}},"type":"if","locations":[{"start":{"line":176,"column":10},"end":{"line":176,"column":36}},{"start":{"line":176,"column":10},"end":{"line":176,"column":36}}],"line":176},"30":{"loc":{"start":{"line":179,"column":10},"end":{"line":179,"column":36}},"type":"if","locations":[{"start":{"line":179,"column":10},"end":{"line":179,"column":36}},{"start":{"line":179,"column":10},"end":{"line":179,"column":36}}],"line":179}},"s":{"0":1,"1":1,"2":1,"3":1,"4":1,"5":1,"6":1,"7":1,"8":1,"9":0,"10":0,"11":0,"12":0,"13":0,"14":0,"15":1,"16":0,"17":0,"18":0,"19":0,"20":0,"21":0,"22":0,"23":0,"24":0,"25":0,"26":0,"27":0,"28":0,"29":0,"30":0,"31":0,"32":0,"33":0,"34":0,"35":0,"36":0,"37":0,"38":0,"39":0,"40":0,"41":0,"42":0,"43":0,"44":0,"45":0,"46":0,"47":0,"48":0,"49":0,"50":0,"51":0,"52":0,"53":0,"54":0,"55":0,"56":0,"57":0,"58":0,"59":0,"60":0,"61":0,"62":0,"63":0,"64":0,"65":0,"66":0,"67":0,"68":0,"69":0,"70":0,"71":0,"72":0,"73":0,"74":0,"75":0,"76":0,"77":0,"78":0,"79":0,"80":0,"81":0,"82":0,"83":0,"84":0,"85":0,"86":0,"87":0,"88":0,"89":0,"90":0,"91":0,"92":0,"93":0,"94":0,"95":0,"96":0,"97":0,"98":0,"99":0,"100":0,"101":0,"102":0,"103":0,"104":0,"105":0,"106":0,"107":0,"108":0,"109":0,"110":0,"111":0,"112":0,"113":0,"114":0,"115":1},"f":{"0":0,"1":0,"2":0,"3":0,"4":0,"5":0,"6":0,"7":0,"8":0,"9":0,"10":0,"11":0,"12":0,"13":0,"14":0,"15":0,"16":0,"17":0,"18":0,"19":0,"20":0,"21":0,"22":0,"23":0,"24":0,"25":0,"26":0,"27":0},"b":{"0":[0,0],"1":[0,0],"2":[0,0,0,0,0],"3":[0,0],"4":[0,0,0,0,0],"5":[0,0],"6":[0,0],"7":[0,0],"8":[0,0],"9":[0,0],"10":[0,0],"11":[0,0],"12":[0,0],"13":[0,0],"14":[0,0],"15":[0,0],"16":[0,0,0],"17":[0,0],"18":[0,0],"19":[0,0],"20":[0,0],"21":[0,0],"22":[0,0],"23":[0,0],"24":[0,0],"25":[0,0],"26":[0,0],"27":[0,0],"28":[0,0],"29":[0,0],"30":[0,0]},"_coverageSchema":"1a1c01bbd47fc00a2c39e90264f33305004495a9","hash":"a3365d6a0416a783332be2d8056b78cfed7af886"}
,"C:\\Users\\Ayman\\OneDrive\\Desktop\\ProgettoIngegneriaSoftware\\lib\\app.js": {"path":"C:\\Users\\Ayman\\OneDrive\\Desktop\\ProgettoIngegneriaSoftware\\lib\\app.js","statementMap":{"0":{"start":{"line":1,"column":0},"end":{"line":1,"column":27}},"1":{"start":{"line":2,"column":21},"end":{"line":2,"column":45}},"2":{"start":{"line":3,"column":13},"end":{"line":3,"column":41}},"3":{"start":{"line":5,"column":16},"end":{"line":5,"column":34}},"4":{"start":{"line":6,"column":15},"end":{"line":6,"column":34}},"5":{"start":{"line":7,"column":12},"end":{"line":7,"column":21}},"6":{"start":{"line":8,"column":0},"end":{"line":8,"column":22}},"7":{"start":{"line":9,"column":12},"end":{"line":9,"column":35}},"8":{"start":{"line":10,"column":19},"end":{"line":10,"column":41}},"9":{"start":{"line":15,"column":13},"end":{"line":15,"column":33}},"10":{"start":{"line":16,"column":22},"end":{"line":16,"column":52}},"11":{"start":{"line":17,"column":13},"end":{"line":17,"column":33}},"12":{"start":{"line":18,"column":22},"end":{"line":18,"column":51}},"13":{"start":{"line":19,"column":20},"end":{"line":19,"column":47}},"14":{"start":{"line":20,"column":13},"end":{"line":20,"column":39}},"15":{"start":{"line":21,"column":22},"end":{"line":21,"column":52}},"16":{"start":{"line":24,"column":0},"end":{"line":24,"column":24}},"17":{"start":{"line":25,"column":0},"end":{"line":25,"column":27}},"18":{"start":{"line":26,"column":0},"end":{"line":26,"column":24}},"19":{"start":{"line":27,"column":0},"end":{"line":27,"column":48}},"20":{"start":{"line":30,"column":0},"end":{"line":30,"column":39}},"21":{"start":{"line":33,"column":19},"end":{"line":33,"column":43}},"22":{"start":{"line":34,"column":0},"end":{"line":59,"column":2}},"23":{"start":{"line":35,"column":33},"end":{"line":35,"column":41}},"24":{"start":{"line":36,"column":15},"end":{"line":36,"column":54}},"25":{"start":{"line":37,"column":2},"end":{"line":58,"column":3}},"26":{"start":{"line":38,"column":4},"end":{"line":38,"column":54}},"27":{"start":{"line":40,"column":7},"end":{"line":58,"column":3}},"28":{"start":{"line":41,"column":4},"end":{"line":41,"column":31}},"29":{"start":{"line":42,"column":4},"end":{"line":57,"column":5}},"30":{"start":{"line":44,"column":20},"end":{"line":51,"column":7}},"31":{"start":{"line":52,"column":6},"end":{"line":52,"column":52}},"32":{"start":{"line":55,"column":6},"end":{"line":55,"column":28}},"33":{"start":{"line":56,"column":6},"end":{"line":56,"column":84}},"34":{"start":{"line":61,"column":0},"end":{"line":81,"column":3}},"35":{"start":{"line":62,"column":20},"end":{"line":62,"column":28}},"36":{"start":{"line":63,"column":2},"end":{"line":80,"column":3}},"37":{"start":{"line":64,"column":4},"end":{"line":64,"column":55}},"38":{"start":{"line":66,"column":4},"end":{"line":79,"column":5}},"39":{"start":{"line":67,"column":19},"end":{"line":67,"column":48}},"40":{"start":{"line":68,"column":25},"end":{"line":68,"column":62}},"41":{"start":{"line":69,"column":18},"end":{"line":69,"column":42}},"42":{"start":{"line":70,"column":18},"end":{"line":70,"column":23}},"43":{"start":{"line":71,"column":6},"end":{"line":73,"column":7}},"44":{"start":{"line":72,"column":8},"end":{"line":72,"column":21}},"45":{"start":{"line":74,"column":6},"end":{"line":74,"column":46}},"46":{"start":{"line":77,"column":6},"end":{"line":77,"column":24}},"47":{"start":{"line":78,"column":6},"end":{"line":78,"column":77}},"48":{"start":{"line":83,"column":0},"end":{"line":111,"column":3}},"49":{"start":{"line":84,"column":52},"end":{"line":84,"column":60}},"50":{"start":{"line":85,"column":2},"end":{"line":110,"column":3}},"51":{"start":{"line":86,"column":4},"end":{"line":86,"column":55}},"52":{"start":{"line":88,"column":7},"end":{"line":110,"column":3}},"53":{"start":{"line":89,"column":4},"end":{"line":89,"column":56}},"54":{"start":{"line":90,"column":9},"end":{"line":110,"column":3}},"55":{"start":{"line":91,"column":4},"end":{"line":91,"column":65}},"56":{"start":{"line":94,"column":4},"end":{"line":109,"column":5}},"57":{"start":{"line":95,"column":19},"end":{"line":95,"column":48}},"58":{"start":{"line":96,"column":6},"end":{"line":96,"column":38}},"59":{"start":{"line":97,"column":17},"end":{"line":97,"column":24}},"60":{"start":{"line":98,"column":23},"end":{"line":98,"column":40}},"61":{"start":{"line":99,"column":6},"end":{"line":104,"column":7}},"62":{"start":{"line":105,"column":6},"end":{"line":105,"column":32}},"63":{"start":{"line":107,"column":6},"end":{"line":107,"column":37}},"64":{"start":{"line":108,"column":6},"end":{"line":108,"column":57}},"65":{"start":{"line":113,"column":0},"end":{"line":113,"column":30}},"66":{"start":{"line":114,"column":0},"end":{"line":114,"column":47}},"67":{"start":{"line":115,"column":0},"end":{"line":115,"column":48}},"68":{"start":{"line":116,"column":0},"end":{"line":116,"column":36}},"69":{"start":{"line":117,"column":0},"end":{"line":117,"column":48}},"70":{"start":{"line":118,"column":0},"end":{"line":118,"column":44}},"71":{"start":{"line":119,"column":0},"end":{"line":119,"column":36}},"72":{"start":{"line":122,"column":0},"end":{"line":125,"column":3}},"73":{"start":{"line":123,"column":2},"end":{"line":123,"column":18}},"74":{"start":{"line":124,"column":2},"end":{"line":124,"column":36}},"75":{"start":{"line":127,"column":0},"end":{"line":127,"column":21}}},"fnMap":{"0":{"name":"(anonymous_0)","decl":{"start":{"line":34,"column":26},"end":{"line":34,"column":27}},"loc":{"start":{"line":34,"column":46},"end":{"line":59,"column":1}},"line":34},"1":{"name":"(anonymous_1)","decl":{"start":{"line":61,"column":26},"end":{"line":61,"column":27}},"loc":{"start":{"line":61,"column":46},"end":{"line":81,"column":1}},"line":61},"2":{"name":"(anonymous_2)","decl":{"start":{"line":83,"column":36},"end":{"line":83,"column":37}},"loc":{"start":{"line":83,"column":56},"end":{"line":111,"column":1}},"line":83},"3":{"name":"(anonymous_3)","decl":{"start":{"line":122,"column":8},"end":{"line":122,"column":9}},"loc":{"start":{"line":122,"column":22},"end":{"line":125,"column":1}},"line":122}},"branchMap":{"0":{"loc":{"start":{"line":37,"column":2},"end":{"line":58,"column":3}},"type":"if","locations":[{"start":{"line":37,"column":2},"end":{"line":58,"column":3}},{"start":{"line":37,"column":2},"end":{"line":58,"column":3}}],"line":37},"1":{"loc":{"start":{"line":40,"column":7},"end":{"line":58,"column":3}},"type":"if","locations":[{"start":{"line":40,"column":7},"end":{"line":58,"column":3}},{"start":{"line":40,"column":7},"end":{"line":58,"column":3}}],"line":40},"2":{"loc":{"start":{"line":42,"column":4},"end":{"line":57,"column":5}},"type":"if","locations":[{"start":{"line":42,"column":4},"end":{"line":57,"column":5}},{"start":{"line":42,"column":4},"end":{"line":57,"column":5}}],"line":42},"3":{"loc":{"start":{"line":63,"column":2},"end":{"line":80,"column":3}},"type":"if","locations":[{"start":{"line":63,"column":2},"end":{"line":80,"column":3}},{"start":{"line":63,"column":2},"end":{"line":80,"column":3}}],"line":63},"4":{"loc":{"start":{"line":71,"column":6},"end":{"line":73,"column":7}},"type":"if","locations":[{"start":{"line":71,"column":6},"end":{"line":73,"column":7}},{"start":{"line":71,"column":6},"end":{"line":73,"column":7}}],"line":71},"5":{"loc":{"start":{"line":85,"column":2},"end":{"line":110,"column":3}},"type":"if","locations":[{"start":{"line":85,"column":2},"end":{"line":110,"column":3}},{"start":{"line":85,"column":2},"end":{"line":110,"column":3}}],"line":85},"6":{"loc":{"start":{"line":88,"column":7},"end":{"line":110,"column":3}},"type":"if","locations":[{"start":{"line":88,"column":7},"end":{"line":110,"column":3}},{"start":{"line":88,"column":7},"end":{"line":110,"column":3}}],"line":88},"7":{"loc":{"start":{"line":88,"column":11},"end":{"line":88,"column":70}},"type":"binary-expr","locations":[{"start":{"line":88,"column":11},"end":{"line":88,"column":29}},{"start":{"line":88,"column":33},"end":{"line":88,"column":70}}],"line":88},"8":{"loc":{"start":{"line":90,"column":9},"end":{"line":110,"column":3}},"type":"if","locations":[{"start":{"line":90,"column":9},"end":{"line":110,"column":3}},{"start":{"line":90,"column":9},"end":{"line":110,"column":3}}],"line":90}},"s":{"0":1,"1":1,"2":1,"3":1,"4":1,"5":1,"6":1,"7":1,"8":1,"9":1,"10":1,"11":1,"12":1,"13":1,"14":1,"15":1,"16":1,"17":1,"18":1,"19":1,"20":1,"21":1,"22":1,"23":0,"24":0,"25":0,"26":0,"27":0,"28":0,"29":0,"30":0,"31":0,"32":0,"33":0,"34":1,"35":0,"36":0,"37":0,"38":0,"39":0,"40":0,"41":0,"42":0,"43":0,"44":0,"45":0,"46":0,"47":0,"48":1,"49":0,"50":0,"51":0,"52":0,"53":0,"54":0,"55":0,"56":0,"57":0,"58":0,"59":0,"60":0,"61":0,"62":0,"63":0,"64":0,"65":1,"66":1,"67":1,"68":1,"69":1,"70":1,"71":1,"72":1,"73":0,"74":0,"75":1},"f":{"0":0,"1":0,"2":0,"3":0},"b":{"0":[0,0],"1":[0,0],"2":[0,0],"3":[0,0],"4":[0,0],"5":[0,0],"6":[0,0],"7":[0,0],"8":[0,0]},"_coverageSchema":"1a1c01bbd47fc00a2c39e90264f33305004495a9","hash":"df7ad3f1b5fc67d6ddbcb0561a04050b53d52fbb"}
,"C:\\Users\\Ayman\\OneDrive\\Desktop\\ProgettoIngegneriaSoftware\\lib\\classifica.js": {"path":"C:\\Users\\Ayman\\OneDrive\\Desktop\\ProgettoIngegneriaSoftware\\lib\\classifica.js","statementMap":{"0":{"start":{"line":1,"column":14},"end":{"line":1,"column":32}},"1":{"start":{"line":2,"column":15},"end":{"line":2,"column":34}},"2":{"start":{"line":3,"column":15},"end":{"line":3,"column":43}},"3":{"start":{"line":6,"column":13},"end":{"line":6,"column":29}},"4":{"start":{"line":9,"column":0},"end":{"line":17,"column":7}},"5":{"start":{"line":13,"column":8},"end":{"line":16,"column":11}},"6":{"start":{"line":15,"column":12},"end":{"line":15,"column":28}},"7":{"start":{"line":20,"column":0},"end":{"line":44,"column":7}},"8":{"start":{"line":24,"column":8},"end":{"line":43,"column":9}},"9":{"start":{"line":25,"column":12},"end":{"line":42,"column":15}},"10":{"start":{"line":30,"column":16},"end":{"line":36,"column":17}},"11":{"start":{"line":31,"column":20},"end":{"line":35,"column":21}},"12":{"start":{"line":32,"column":24},"end":{"line":32,"column":36}},"13":{"start":{"line":33,"column":24},"end":{"line":33,"column":48}},"14":{"start":{"line":34,"column":24},"end":{"line":34,"column":46}},"15":{"start":{"line":37,"column":16},"end":{"line":41,"column":19}},"16":{"start":{"line":45,"column":2},"end":{"line":45,"column":26}}},"fnMap":{"0":{"name":"(anonymous_0)","decl":{"start":{"line":11,"column":9},"end":{"line":11,"column":10}},"loc":{"start":{"line":11,"column":29},"end":{"line":17,"column":5}},"line":11},"1":{"name":"(anonymous_1)","decl":{"start":{"line":13,"column":52},"end":{"line":13,"column":53}},"loc":{"start":{"line":13,"column":74},"end":{"line":16,"column":9}},"line":13},"2":{"name":"(anonymous_2)","decl":{"start":{"line":22,"column":9},"end":{"line":22,"column":10}},"loc":{"start":{"line":22,"column":29},"end":{"line":44,"column":5}},"line":22},"3":{"name":"(anonymous_3)","decl":{"start":{"line":25,"column":56},"end":{"line":25,"column":57}},"loc":{"start":{"line":25,"column":77},"end":{"line":42,"column":13}},"line":25}},"branchMap":{"0":{"loc":{"start":{"line":24,"column":8},"end":{"line":43,"column":9}},"type":"if","locations":[{"start":{"line":24,"column":8},"end":{"line":43,"column":9}},{"start":{"line":24,"column":8},"end":{"line":43,"column":9}}],"line":24},"1":{"loc":{"start":{"line":31,"column":20},"end":{"line":35,"column":21}},"type":"if","locations":[{"start":{"line":31,"column":20},"end":{"line":35,"column":21}},{"start":{"line":31,"column":20},"end":{"line":35,"column":21}}],"line":31}},"s":{"0":1,"1":1,"2":1,"3":1,"4":1,"5":0,"6":0,"7":1,"8":0,"9":0,"10":0,"11":0,"12":0,"13":0,"14":0,"15":0,"16":1},"f":{"0":0,"1":0,"2":0,"3":0},"b":{"0":[0,0],"1":[0,0]},"_coverageSchema":"1a1c01bbd47fc00a2c39e90264f33305004495a9","hash":"5f195ed44b671af002806f0e4a9dae0cfacf769f"}
,"C:\\Users\\Ayman\\OneDrive\\Desktop\\ProgettoIngegneriaSoftware\\lib\\home.js": {"path":"C:\\Users\\Ayman\\OneDrive\\Desktop\\ProgettoIngegneriaSoftware\\lib\\home.js","statementMap":{"0":{"start":{"line":1,"column":14},"end":{"line":1,"column":32}},"1":{"start":{"line":2,"column":15},"end":{"line":2,"column":34}},"2":{"start":{"line":3,"column":14},"end":{"line":3,"column":41}},"3":{"start":{"line":4,"column":15},"end":{"line":4,"column":43}},"4":{"start":{"line":5,"column":12},"end":{"line":5,"column":35}},"5":{"start":{"line":7,"column":13},"end":{"line":7,"column":29}},"6":{"start":{"line":9,"column":0},"end":{"line":21,"column":3}},"7":{"start":{"line":10,"column":20},"end":{"line":10,"column":28}},"8":{"start":{"line":11,"column":2},"end":{"line":11,"column":33}},"9":{"start":{"line":12,"column":2},"end":{"line":20,"column":3}},"10":{"start":{"line":13,"column":4},"end":{"line":13,"column":55}},"11":{"start":{"line":15,"column":23},"end":{"line":15,"column":60}},"12":{"start":{"line":16,"column":19},"end":{"line":16,"column":46}},"13":{"start":{"line":17,"column":4},"end":{"line":17,"column":28}},"14":{"start":{"line":19,"column":4},"end":{"line":19,"column":35}},"15":{"start":{"line":23,"column":0},"end":{"line":33,"column":3}},"16":{"start":{"line":24,"column":20},"end":{"line":24,"column":28}},"17":{"start":{"line":25,"column":2},"end":{"line":25,"column":33}},"18":{"start":{"line":26,"column":2},"end":{"line":32,"column":3}},"19":{"start":{"line":27,"column":4},"end":{"line":27,"column":55}},"20":{"start":{"line":29,"column":23},"end":{"line":29,"column":60}},"21":{"start":{"line":30,"column":16},"end":{"line":30,"column":40}},"22":{"start":{"line":31,"column":4},"end":{"line":31,"column":32}},"23":{"start":{"line":36,"column":0},"end":{"line":52,"column":3}},"24":{"start":{"line":37,"column":20},"end":{"line":37,"column":28}},"25":{"start":{"line":38,"column":2},"end":{"line":38,"column":33}},"26":{"start":{"line":39,"column":2},"end":{"line":51,"column":3}},"27":{"start":{"line":40,"column":4},"end":{"line":40,"column":55}},"28":{"start":{"line":42,"column":23},"end":{"line":42,"column":60}},"29":{"start":{"line":43,"column":19},"end":{"line":43,"column":46}},"30":{"start":{"line":44,"column":4},"end":{"line":50,"column":7}},"31":{"start":{"line":45,"column":14},"end":{"line":45,"column":15}},"32":{"start":{"line":46,"column":6},"end":{"line":48,"column":7}},"33":{"start":{"line":47,"column":8},"end":{"line":47,"column":12}},"34":{"start":{"line":49,"column":6},"end":{"line":49,"column":34}},"35":{"start":{"line":54,"column":0},"end":{"line":66,"column":3}},"36":{"start":{"line":55,"column":20},"end":{"line":55,"column":28}},"37":{"start":{"line":56,"column":2},"end":{"line":56,"column":33}},"38":{"start":{"line":57,"column":2},"end":{"line":65,"column":3}},"39":{"start":{"line":58,"column":4},"end":{"line":58,"column":55}},"40":{"start":{"line":60,"column":23},"end":{"line":60,"column":60}},"41":{"start":{"line":61,"column":19},"end":{"line":61,"column":46}},"42":{"start":{"line":62,"column":4},"end":{"line":64,"column":7}},"43":{"start":{"line":63,"column":6},"end":{"line":63,"column":34}},"44":{"start":{"line":69,"column":0},"end":{"line":94,"column":3}},"45":{"start":{"line":70,"column":2},"end":{"line":93,"column":5}},"46":{"start":{"line":87,"column":4},"end":{"line":87,"column":31}},"47":{"start":{"line":87,"column":15},"end":{"line":87,"column":29}},"48":{"start":{"line":88,"column":4},"end":{"line":90,"column":5}},"49":{"start":{"line":89,"column":6},"end":{"line":89,"column":20}},"50":{"start":{"line":92,"column":4},"end":{"line":92,"column":32}},"51":{"start":{"line":97,"column":0},"end":{"line":108,"column":3}},"52":{"start":{"line":98,"column":12},"end":{"line":98,"column":32}},"53":{"start":{"line":99,"column":2},"end":{"line":107,"column":5}},"54":{"start":{"line":100,"column":18},"end":{"line":100,"column":46}},"55":{"start":{"line":101,"column":4},"end":{"line":105,"column":5}},"56":{"start":{"line":102,"column":6},"end":{"line":104,"column":7}},"57":{"start":{"line":103,"column":8},"end":{"line":103,"column":32}},"58":{"start":{"line":106,"column":4},"end":{"line":106,"column":34}},"59":{"start":{"line":110,"column":0},"end":{"line":115,"column":3}},"60":{"start":{"line":111,"column":2},"end":{"line":114,"column":5}},"61":{"start":{"line":113,"column":4},"end":{"line":113,"column":35}},"62":{"start":{"line":118,"column":0},"end":{"line":118,"column":24}}},"fnMap":{"0":{"name":"(anonymous_0)","decl":{"start":{"line":9,"column":26},"end":{"line":9,"column":27}},"loc":{"start":{"line":9,"column":40},"end":{"line":21,"column":1}},"line":9},"1":{"name":"(anonymous_1)","decl":{"start":{"line":23,"column":22},"end":{"line":23,"column":23}},"loc":{"start":{"line":23,"column":36},"end":{"line":33,"column":1}},"line":23},"2":{"name":"(anonymous_2)","decl":{"start":{"line":36,"column":26},"end":{"line":36,"column":27}},"loc":{"start":{"line":36,"column":46},"end":{"line":52,"column":1}},"line":36},"3":{"name":"(anonymous_3)","decl":{"start":{"line":44,"column":55},"end":{"line":44,"column":56}},"loc":{"start":{"line":44,"column":77},"end":{"line":50,"column":5}},"line":44},"4":{"name":"(anonymous_4)","decl":{"start":{"line":54,"column":25},"end":{"line":54,"column":26}},"loc":{"start":{"line":54,"column":45},"end":{"line":66,"column":1}},"line":54},"5":{"name":"(anonymous_5)","decl":{"start":{"line":62,"column":70},"end":{"line":62,"column":71}},"loc":{"start":{"line":62,"column":92},"end":{"line":64,"column":5}},"line":62},"6":{"name":"(anonymous_6)","decl":{"start":{"line":69,"column":24},"end":{"line":69,"column":25}},"loc":{"start":{"line":69,"column":50},"end":{"line":94,"column":1}},"line":69},"7":{"name":"(anonymous_7)","decl":{"start":{"line":86,"column":10},"end":{"line":86,"column":11}},"loc":{"start":{"line":86,"column":32},"end":{"line":93,"column":3}},"line":86},"8":{"name":"(anonymous_8)","decl":{"start":{"line":97,"column":23},"end":{"line":97,"column":24}},"loc":{"start":{"line":97,"column":49},"end":{"line":108,"column":1}},"line":97},"9":{"name":"(anonymous_9)","decl":{"start":{"line":99,"column":21},"end":{"line":99,"column":22}},"loc":{"start":{"line":99,"column":43},"end":{"line":107,"column":3}},"line":99},"10":{"name":"(anonymous_10)","decl":{"start":{"line":110,"column":25},"end":{"line":110,"column":26}},"loc":{"start":{"line":110,"column":51},"end":{"line":115,"column":1}},"line":110},"11":{"name":"(anonymous_11)","decl":{"start":{"line":111,"column":51},"end":{"line":111,"column":52}},"loc":{"start":{"line":111,"column":73},"end":{"line":114,"column":3}},"line":111}},"branchMap":{"0":{"loc":{"start":{"line":12,"column":2},"end":{"line":20,"column":3}},"type":"if","locations":[{"start":{"line":12,"column":2},"end":{"line":20,"column":3}},{"start":{"line":12,"column":2},"end":{"line":20,"column":3}}],"line":12},"1":{"loc":{"start":{"line":26,"column":2},"end":{"line":32,"column":3}},"type":"if","locations":[{"start":{"line":26,"column":2},"end":{"line":32,"column":3}},{"start":{"line":26,"column":2},"end":{"line":32,"column":3}}],"line":26},"2":{"loc":{"start":{"line":39,"column":2},"end":{"line":51,"column":3}},"type":"if","locations":[{"start":{"line":39,"column":2},"end":{"line":51,"column":3}},{"start":{"line":39,"column":2},"end":{"line":51,"column":3}}],"line":39},"3":{"loc":{"start":{"line":57,"column":2},"end":{"line":65,"column":3}},"type":"if","locations":[{"start":{"line":57,"column":2},"end":{"line":65,"column":3}},{"start":{"line":57,"column":2},"end":{"line":65,"column":3}}],"line":57},"4":{"loc":{"start":{"line":87,"column":4},"end":{"line":87,"column":31}},"type":"if","locations":[{"start":{"line":87,"column":4},"end":{"line":87,"column":31}},{"start":{"line":87,"column":4},"end":{"line":87,"column":31}}],"line":87},"5":{"loc":{"start":{"line":102,"column":6},"end":{"line":104,"column":7}},"type":"if","locations":[{"start":{"line":102,"column":6},"end":{"line":104,"column":7}},{"start":{"line":102,"column":6},"end":{"line":104,"column":7}}],"line":102}},"s":{"0":1,"1":1,"2":1,"3":1,"4":1,"5":1,"6":1,"7":0,"8":0,"9":0,"10":0,"11":0,"12":0,"13":0,"14":0,"15":1,"16":0,"17":0,"18":0,"19":0,"20":0,"21":0,"22":0,"23":1,"24":0,"25":0,"26":0,"27":0,"28":0,"29":0,"30":0,"31":0,"32":0,"33":0,"34":0,"35":1,"36":0,"37":0,"38":0,"39":0,"40":0,"41":0,"42":0,"43":0,"44":1,"45":0,"46":0,"47":0,"48":0,"49":0,"50":0,"51":1,"52":0,"53":0,"54":0,"55":0,"56":0,"57":0,"58":0,"59":1,"60":0,"61":0,"62":1},"f":{"0":0,"1":0,"2":0,"3":0,"4":0,"5":0,"6":0,"7":0,"8":0,"9":0,"10":0,"11":0},"b":{"0":[0,0],"1":[0,0],"2":[0,0],"3":[0,0],"4":[0,0],"5":[0,0]},"_coverageSchema":"1a1c01bbd47fc00a2c39e90264f33305004495a9","hash":"5aa43840b0be96dcb12b8f887ceba856893f65df"}
,"C:\\Users\\Ayman\\OneDrive\\Desktop\\ProgettoIngegneriaSoftware\\lib\\infoSquadre.js": {"path":"C:\\Users\\Ayman\\OneDrive\\Desktop\\ProgettoIngegneriaSoftware\\lib\\infoSquadre.js","statementMap":{"0":{"start":{"line":1,"column":14},"end":{"line":1,"column":32}},"1":{"start":{"line":2,"column":14},"end":{"line":2,"column":41}},"2":{"start":{"line":5,"column":13},"end":{"line":5,"column":29}},"3":{"start":{"line":8,"column":0},"end":{"line":12,"column":5}},"4":{"start":{"line":9,"column":4},"end":{"line":11,"column":7}},"5":{"start":{"line":10,"column":8},"end":{"line":10,"column":36}},"6":{"start":{"line":14,"column":0},"end":{"line":19,"column":5}},"7":{"start":{"line":15,"column":16},"end":{"line":15,"column":29}},"8":{"start":{"line":16,"column":4},"end":{"line":18,"column":9}},"9":{"start":{"line":17,"column":8},"end":{"line":17,"column":36}},"10":{"start":{"line":26,"column":0},"end":{"line":26,"column":24}}},"fnMap":{"0":{"name":"(anonymous_0)","decl":{"start":{"line":8,"column":36},"end":{"line":8,"column":37}},"loc":{"start":{"line":8,"column":56},"end":{"line":12,"column":3}},"line":8},"1":{"name":"(anonymous_1)","decl":{"start":{"line":9,"column":24},"end":{"line":9,"column":25}},"loc":{"start":{"line":9,"column":44},"end":{"line":11,"column":5}},"line":9},"2":{"name":"(anonymous_2)","decl":{"start":{"line":14,"column":25},"end":{"line":14,"column":26}},"loc":{"start":{"line":14,"column":45},"end":{"line":19,"column":3}},"line":14},"3":{"name":"(anonymous_3)","decl":{"start":{"line":16,"column":38},"end":{"line":16,"column":39}},"loc":{"start":{"line":16,"column":58},"end":{"line":18,"column":7}},"line":16}},"branchMap":{},"s":{"0":1,"1":1,"2":1,"3":1,"4":0,"5":0,"6":1,"7":0,"8":0,"9":0,"10":1},"f":{"0":0,"1":0,"2":0,"3":0},"b":{},"_coverageSchema":"1a1c01bbd47fc00a2c39e90264f33305004495a9","hash":"c3e1b0a64f15b936f1b7458d99a9b9c0319139f6"}
,"C:\\Users\\Ayman\\OneDrive\\Desktop\\ProgettoIngegneriaSoftware\\lib\\registrazione.js": {"path":"C:\\Users\\Ayman\\OneDrive\\Desktop\\ProgettoIngegneriaSoftware\\lib\\registrazione.js","statementMap":{"0":{"start":{"line":1,"column":14},"end":{"line":1,"column":32}},"1":{"start":{"line":2,"column":12},"end":{"line":2,"column":35}},"2":{"start":{"line":4,"column":13},"end":{"line":4,"column":44}},"3":{"start":{"line":5,"column":17},"end":{"line":5,"column":39}},"4":{"start":{"line":7,"column":13},"end":{"line":7,"column":29}},"5":{"start":{"line":10,"column":0},"end":{"line":23,"column":3}},"6":{"start":{"line":11,"column":4},"end":{"line":22,"column":7}},"7":{"start":{"line":12,"column":8},"end":{"line":21,"column":9}},"8":{"start":{"line":13,"column":12},"end":{"line":13,"column":63}},"9":{"start":{"line":16,"column":12},"end":{"line":20,"column":13}},"10":{"start":{"line":17,"column":16},"end":{"line":17,"column":79}},"11":{"start":{"line":19,"column":16},"end":{"line":19,"column":43}},"12":{"start":{"line":26,"column":0},"end":{"line":39,"column":3}},"13":{"start":{"line":27,"column":4},"end":{"line":38,"column":7}},"14":{"start":{"line":28,"column":8},"end":{"line":37,"column":9}},"15":{"start":{"line":29,"column":12},"end":{"line":29,"column":63}},"16":{"start":{"line":32,"column":12},"end":{"line":36,"column":13}},"17":{"start":{"line":33,"column":16},"end":{"line":33,"column":79}},"18":{"start":{"line":35,"column":16},"end":{"line":35,"column":42}},"19":{"start":{"line":45,"column":0},"end":{"line":74,"column":3}},"20":{"start":{"line":46,"column":20},"end":{"line":46,"column":36}},"21":{"start":{"line":48,"column":19},"end":{"line":48,"column":28}},"22":{"start":{"line":49,"column":21},"end":{"line":49,"column":26}},"23":{"start":{"line":51,"column":4},"end":{"line":55,"column":5}},"24":{"start":{"line":52,"column":8},"end":{"line":52,"column":26}},"25":{"start":{"line":54,"column":8},"end":{"line":54,"column":27}},"26":{"start":{"line":58,"column":4},"end":{"line":73,"column":5}},"27":{"start":{"line":59,"column":8},"end":{"line":70,"column":11}},"28":{"start":{"line":60,"column":12},"end":{"line":69,"column":13}},"29":{"start":{"line":61,"column":16},"end":{"line":61,"column":67}},"30":{"start":{"line":64,"column":16},"end":{"line":68,"column":17}},"31":{"start":{"line":65,"column":20},"end":{"line":65,"column":43}},"32":{"start":{"line":67,"column":20},"end":{"line":67,"column":75}},"33":{"start":{"line":72,"column":8},"end":{"line":72,"column":67}},"34":{"start":{"line":77,"column":0},"end":{"line":117,"column":3}},"35":{"start":{"line":78,"column":20},"end":{"line":78,"column":30}},"36":{"start":{"line":80,"column":4},"end":{"line":80,"column":41}},"37":{"start":{"line":81,"column":4},"end":{"line":81,"column":51}},"38":{"start":{"line":82,"column":4},"end":{"line":82,"column":43}},"39":{"start":{"line":83,"column":4},"end":{"line":83,"column":51}},"40":{"start":{"line":84,"column":4},"end":{"line":84,"column":24}},"41":{"start":{"line":85,"column":4},"end":{"line":85,"column":35}},"42":{"start":{"line":87,"column":20},"end":{"line":87,"column":34}},"43":{"start":{"line":89,"column":15},"end":{"line":89,"column":170}},"44":{"start":{"line":90,"column":21},"end":{"line":90,"column":61}},"45":{"start":{"line":92,"column":4},"end":{"line":116,"column":5}},"46":{"start":{"line":93,"column":8},"end":{"line":93,"column":64}},"47":{"start":{"line":95,"column":8},"end":{"line":115,"column":9}},"48":{"start":{"line":96,"column":12},"end":{"line":96,"column":71}},"49":{"start":{"line":99,"column":12},"end":{"line":114,"column":13}},"50":{"start":{"line":100,"column":16},"end":{"line":100,"column":72}},"51":{"start":{"line":102,"column":16},"end":{"line":113,"column":19}},"52":{"start":{"line":103,"column":20},"end":{"line":112,"column":21}},"53":{"start":{"line":104,"column":24},"end":{"line":104,"column":75}},"54":{"start":{"line":107,"column":24},"end":{"line":111,"column":25}},"55":{"start":{"line":108,"column":28},"end":{"line":108,"column":85}},"56":{"start":{"line":110,"column":28},"end":{"line":110,"column":55}},"57":{"start":{"line":119,"column":0},"end":{"line":119,"column":24}}},"fnMap":{"0":{"name":"(anonymous_0)","decl":{"start":{"line":10,"column":21},"end":{"line":10,"column":22}},"loc":{"start":{"line":10,"column":35},"end":{"line":23,"column":1}},"line":10},"1":{"name":"(anonymous_1)","decl":{"start":{"line":11,"column":33},"end":{"line":11,"column":34}},"loc":{"start":{"line":11,"column":48},"end":{"line":22,"column":5}},"line":11},"2":{"name":"(anonymous_2)","decl":{"start":{"line":26,"column":22},"end":{"line":26,"column":23}},"loc":{"start":{"line":26,"column":36},"end":{"line":39,"column":1}},"line":26},"3":{"name":"(anonymous_3)","decl":{"start":{"line":27,"column":56},"end":{"line":27,"column":57}},"loc":{"start":{"line":27,"column":71},"end":{"line":38,"column":5}},"line":27},"4":{"name":"(anonymous_4)","decl":{"start":{"line":45,"column":29},"end":{"line":45,"column":30}},"loc":{"start":{"line":45,"column":43},"end":{"line":74,"column":1}},"line":45},"5":{"name":"(anonymous_5)","decl":{"start":{"line":59,"column":46},"end":{"line":59,"column":47}},"loc":{"start":{"line":59,"column":61},"end":{"line":70,"column":9}},"line":59},"6":{"name":"(anonymous_6)","decl":{"start":{"line":77,"column":28},"end":{"line":77,"column":29}},"loc":{"start":{"line":77,"column":42},"end":{"line":117,"column":1}},"line":77},"7":{"name":"(anonymous_7)","decl":{"start":{"line":102,"column":31},"end":{"line":102,"column":32}},"loc":{"start":{"line":102,"column":46},"end":{"line":113,"column":17}},"line":102}},"branchMap":{"0":{"loc":{"start":{"line":12,"column":8},"end":{"line":21,"column":9}},"type":"if","locations":[{"start":{"line":12,"column":8},"end":{"line":21,"column":9}},{"start":{"line":12,"column":8},"end":{"line":21,"column":9}}],"line":12},"1":{"loc":{"start":{"line":16,"column":12},"end":{"line":20,"column":13}},"type":"if","locations":[{"start":{"line":16,"column":12},"end":{"line":20,"column":13}},{"start":{"line":16,"column":12},"end":{"line":20,"column":13}}],"line":16},"2":{"loc":{"start":{"line":28,"column":8},"end":{"line":37,"column":9}},"type":"if","locations":[{"start":{"line":28,"column":8},"end":{"line":37,"column":9}},{"start":{"line":28,"column":8},"end":{"line":37,"column":9}}],"line":28},"3":{"loc":{"start":{"line":32,"column":12},"end":{"line":36,"column":13}},"type":"if","locations":[{"start":{"line":32,"column":12},"end":{"line":36,"column":13}},{"start":{"line":32,"column":12},"end":{"line":36,"column":13}}],"line":32},"4":{"loc":{"start":{"line":51,"column":4},"end":{"line":55,"column":5}},"type":"if","locations":[{"start":{"line":51,"column":4},"end":{"line":55,"column":5}},{"start":{"line":51,"column":4},"end":{"line":55,"column":5}}],"line":51},"5":{"loc":{"start":{"line":58,"column":4},"end":{"line":73,"column":5}},"type":"if","locations":[{"start":{"line":58,"column":4},"end":{"line":73,"column":5}},{"start":{"line":58,"column":4},"end":{"line":73,"column":5}}],"line":58},"6":{"loc":{"start":{"line":60,"column":12},"end":{"line":69,"column":13}},"type":"if","locations":[{"start":{"line":60,"column":12},"end":{"line":69,"column":13}},{"start":{"line":60,"column":12},"end":{"line":69,"column":13}}],"line":60},"7":{"loc":{"start":{"line":64,"column":16},"end":{"line":68,"column":17}},"type":"if","locations":[{"start":{"line":64,"column":16},"end":{"line":68,"column":17}},{"start":{"line":64,"column":16},"end":{"line":68,"column":17}}],"line":64},"8":{"loc":{"start":{"line":92,"column":4},"end":{"line":116,"column":5}},"type":"if","locations":[{"start":{"line":92,"column":4},"end":{"line":116,"column":5}},{"start":{"line":92,"column":4},"end":{"line":116,"column":5}}],"line":92},"9":{"loc":{"start":{"line":95,"column":8},"end":{"line":115,"column":9}},"type":"if","locations":[{"start":{"line":95,"column":8},"end":{"line":115,"column":9}},{"start":{"line":95,"column":8},"end":{"line":115,"column":9}}],"line":95},"10":{"loc":{"start":{"line":99,"column":12},"end":{"line":114,"column":13}},"type":"if","locations":[{"start":{"line":99,"column":12},"end":{"line":114,"column":13}},{"start":{"line":99,"column":12},"end":{"line":114,"column":13}}],"line":99},"11":{"loc":{"start":{"line":99,"column":15},"end":{"line":99,"column":67}},"type":"binary-expr","locations":[{"start":{"line":99,"column":15},"end":{"line":99,"column":39}},{"start":{"line":99,"column":43},"end":{"line":99,"column":67}}],"line":99},"12":{"loc":{"start":{"line":103,"column":20},"end":{"line":112,"column":21}},"type":"if","locations":[{"start":{"line":103,"column":20},"end":{"line":112,"column":21}},{"start":{"line":103,"column":20},"end":{"line":112,"column":21}}],"line":103},"13":{"loc":{"start":{"line":107,"column":24},"end":{"line":111,"column":25}},"type":"if","locations":[{"start":{"line":107,"column":24},"end":{"line":111,"column":25}},{"start":{"line":107,"column":24},"end":{"line":111,"column":25}}],"line":107}},"s":{"0":1,"1":1,"2":1,"3":1,"4":1,"5":1,"6":0,"7":0,"8":0,"9":0,"10":0,"11":0,"12":1,"13":0,"14":0,"15":0,"16":0,"17":0,"18":0,"19":1,"20":0,"21":0,"22":0,"23":0,"24":0,"25":0,"26":0,"27":0,"28":0,"29":0,"30":0,"31":0,"32":0,"33":0,"34":1,"35":0,"36":0,"37":0,"38":0,"39":0,"40":0,"41":0,"42":0,"43":0,"44":0,"45":0,"46":0,"47":0,"48":0,"49":0,"50":0,"51":0,"52":0,"53":0,"54":0,"55":0,"56":0,"57":1},"f":{"0":0,"1":0,"2":0,"3":0,"4":0,"5":0,"6":0,"7":0},"b":{"0":[0,0],"1":[0,0],"2":[0,0],"3":[0,0],"4":[0,0],"5":[0,0],"6":[0,0],"7":[0,0],"8":[0,0],"9":[0,0],"10":[0,0],"11":[0,0],"12":[0,0],"13":[0,0]},"_coverageSchema":"1a1c01bbd47fc00a2c39e90264f33305004495a9","hash":"8049180fb82e8e916d8e733e855221fd80f27df0"}
,"C:\\Users\\Ayman\\OneDrive\\Desktop\\ProgettoIngegneriaSoftware\\lib\\models\\Pronostici.js": {"path":"C:\\Users\\Ayman\\OneDrive\\Desktop\\ProgettoIngegneriaSoftware\\lib\\models\\Pronostici.js","statementMap":{"0":{"start":{"line":1,"column":15},"end":{"line":1,"column":34}},"1":{"start":{"line":2,"column":13},"end":{"line":2,"column":28}},"2":{"start":{"line":4,"column":17},"end":{"line":9,"column":2}},"3":{"start":{"line":11,"column":0},"end":{"line":11,"column":58}}},"fnMap":{},"branchMap":{},"s":{"0":1,"1":1,"2":1,"3":1},"f":{},"b":{},"_coverageSchema":"1a1c01bbd47fc00a2c39e90264f33305004495a9","hash":"677fa16b246256c5dde2a93419c1c324b6cc2727"}
,"C:\\Users\\Ayman\\OneDrive\\Desktop\\ProgettoIngegneriaSoftware\\lib\\models\\Squadre.js": {"path":"C:\\Users\\Ayman\\OneDrive\\Desktop\\ProgettoIngegneriaSoftware\\lib\\models\\Squadre.js","statementMap":{"0":{"start":{"line":1,"column":15},"end":{"line":1,"column":34}},"1":{"start":{"line":2,"column":13},"end":{"line":2,"column":28}},"2":{"start":{"line":4,"column":14},"end":{"line":10,"column":2}},"3":{"start":{"line":12,"column":0},"end":{"line":12,"column":52}}},"fnMap":{},"branchMap":{},"s":{"0":1,"1":1,"2":1,"3":1},"f":{},"b":{},"_coverageSchema":"1a1c01bbd47fc00a2c39e90264f33305004495a9","hash":"53196a5493517452c78bb11555946470bfe08f85"}
,"C:\\Users\\Ayman\\OneDrive\\Desktop\\ProgettoIngegneriaSoftware\\lib\\models\\UserData.js": {"path":"C:\\Users\\Ayman\\OneDrive\\Desktop\\ProgettoIngegneriaSoftware\\lib\\models\\UserData.js","statementMap":{"0":{"start":{"line":1,"column":15},"end":{"line":1,"column":34}},"1":{"start":{"line":2,"column":13},"end":{"line":2,"column":28}},"2":{"start":{"line":4,"column":15},"end":{"line":11,"column":2}},"3":{"start":{"line":13,"column":0},"end":{"line":13,"column":54}}},"fnMap":{},"branchMap":{},"s":{"0":1,"1":1,"2":1,"3":1},"f":{},"b":{},"_coverageSchema":"1a1c01bbd47fc00a2c39e90264f33305004495a9","hash":"08da8184a3a76932f480864e24ac41b45d940bec"}
,"C:\\Users\\Ayman\\OneDrive\\Desktop\\ProgettoIngegneriaSoftware\\lib\\models\\partite.js": {"path":"C:\\Users\\Ayman\\OneDrive\\Desktop\\ProgettoIngegneriaSoftware\\lib\\models\\partite.js","statementMap":{"0":{"start":{"line":1,"column":15},"end":{"line":1,"column":34}},"1":{"start":{"line":2,"column":13},"end":{"line":2,"column":28}},"2":{"start":{"line":4,"column":14},"end":{"line":10,"column":2}},"3":{"start":{"line":12,"column":0},"end":{"line":12,"column":52}}},"fnMap":{},"branchMap":{},"s":{"0":1,"1":1,"2":1,"3":1},"f":{},"b":{},"_coverageSchema":"1a1c01bbd47fc00a2c39e90264f33305004495a9","hash":"35521ca4e0173bcd8f797271ff449a033cd70ec1"}
}
