TN:
SF:lib\addP.js
FN:15,(anonymous_0)
FN:21,(anonymous_1)
FN:41,(anonymous_2)
FN:49,(anonymous_3)
FN:69,(anonymous_4)
FN:77,(anonymous_5)
FN:80,(anonymous_6)
FN:88,(anonymous_7)
FN:96,(anonymous_8)
FN:97,(anonymous_9)
FNF:10
FNH:0
FNDA:0,(anonymous_0)
FNDA:0,(anonymous_1)
FNDA:0,(anonymous_2)
FNDA:0,(anonymous_3)
FNDA:0,(anonymous_4)
FNDA:0,(anonymous_5)
FNDA:0,(anonymous_6)
FNDA:0,(anonymous_7)
FNDA:0,(anonymous_8)
FNDA:0,(anonymous_9)
DA:1,1
DA:2,1
DA:3,1
DA:4,1
DA:11,1
DA:13,1
DA:16,0
DA:17,0
DA:20,0
DA:21,0
DA:24,0
DA:25,0
DA:26,0
DA:31,0
DA:33,0
DA:35,0
DA:36,0
DA:37,0
DA:38,0
DA:39,0
DA:41,0
DA:43,0
DA:52,0
DA:71,0
DA:75,1
DA:79,0
DA:80,0
DA:82,0
DA:87,0
DA:88,0
DA:90,0
DA:94,1
DA:97,0
DA:99,0
DA:104,1
LF:35
LH:9
BRDA:16,0,0,0
BRDA:16,0,1,0
BRDA:16,1,0,0
BRDA:16,1,1,0
BRDA:16,1,2,0
BRDA:16,1,3,0
BRDA:16,1,4,0
BRDA:25,2,0,0
BRDA:25,2,1,0
BRDA:79,3,0,0
BRDA:79,3,1,0
BRF:11
BRH:0
end_of_record
TN:
SF:lib\addPronostici.js
FN:13,(anonymous_0)
FN:24,(anonymous_1)
FN:35,(anonymous_2)
FN:36,(anonymous_3)
FN:51,(anonymous_4)
FN:53,(anonymous_5)
FN:71,(anonymous_6)
FN:78,(anonymous_7)
FN:93,(anonymous_8)
FN:111,(anonymous_9)
FN:131,(anonymous_10)
FN:137,(anonymous_11)
FN:153,(anonymous_12)
FN:175,(anonymous_13)
FN:192,(anonymous_14)
FN:209,(anonymous_15)
FN:228,(anonymous_16)
FN:237,(anonymous_17)
FNF:18
FNH:14
FNDA:0,(anonymous_0)
FNDA:0,(anonymous_1)
FNDA:1,(anonymous_2)
FNDA:1,(anonymous_3)
FNDA:1,(anonymous_4)
FNDA:1,(anonymous_5)
FNDA:3,(anonymous_6)
FNDA:2,(anonymous_7)
FNDA:1,(anonymous_8)
FNDA:1,(anonymous_9)
FNDA:2,(anonymous_10)
FNDA:2,(anonymous_11)
FNDA:4,(anonymous_12)
FNDA:1,(anonymous_13)
FNDA:1,(anonymous_14)
FNDA:1,(anonymous_15)
FNDA:0,(anonymous_16)
FNDA:0,(anonymous_17)
DA:1,1
DA:2,1
DA:4,1
DA:5,1
DA:6,1
DA:7,1
DA:8,1
DA:10,1
DA:13,1
DA:14,0
DA:15,0
DA:16,0
DA:18,0
DA:19,0
DA:20,0
DA:24,1
DA:25,0
DA:26,0
DA:27,0
DA:29,0
DA:30,0
DA:31,0
DA:35,1
DA:36,1
DA:37,1
DA:38,0
DA:41,1
DA:42,0
DA:44,1
DA:51,1
DA:53,1
DA:54,1
DA:55,0
DA:58,1
DA:59,0
DA:61,1
DA:71,1
DA:72,3
DA:74,3
DA:75,1
DA:78,2
DA:79,2
DA:80,0
DA:82,2
DA:83,1
DA:85,1
DA:93,1
DA:94,1
DA:112,1
DA:113,0
DA:116,1
DA:117,0
DA:119,1
DA:120,45
DA:122,1
DA:131,1
DA:132,2
DA:134,2
DA:135,0
DA:137,2
DA:138,2
DA:139,0
DA:142,2
DA:143,1
DA:145,1
DA:153,1
DA:154,4
DA:156,4
DA:157,4
DA:158,4
DA:159,4
DA:161,4
DA:162,3
DA:164,1
DA:165,0
DA:175,1
DA:176,1
DA:177,0
DA:180,1
DA:181,0
DA:183,1
DA:192,1
DA:193,1
DA:194,1
DA:196,1
DA:197,0
DA:200,1
DA:201,0
DA:204,1
DA:206,1
DA:207,0
DA:209,1
DA:210,1
DA:211,0
DA:214,1
DA:215,1
DA:216,0
DA:218,1
DA:228,1
DA:229,0
DA:231,0
DA:232,0
DA:234,0
DA:235,0
DA:237,0
DA:238,0
DA:239,0
DA:242,0
DA:243,0
DA:244,0
DA:246,0
DA:255,1
LF:112
LH:71
BRDA:15,0,0,0
BRDA:15,0,1,0
BRDA:26,1,0,0
BRDA:26,1,1,0
BRDA:37,2,0,0
BRDA:37,2,1,1
BRDA:41,3,0,0
BRDA:41,3,1,1
BRDA:54,4,0,0
BRDA:54,4,1,1
BRDA:58,5,0,0
BRDA:58,5,1,1
BRDA:74,6,0,1
BRDA:74,6,1,2
BRDA:79,7,0,0
BRDA:79,7,1,2
BRDA:82,8,0,1
BRDA:82,8,1,1
BRDA:112,9,0,0
BRDA:112,9,1,1
BRDA:116,10,0,0
BRDA:116,10,1,1
BRDA:134,11,0,0
BRDA:134,11,1,2
BRDA:138,12,0,0
BRDA:138,12,1,2
BRDA:142,13,0,1
BRDA:142,13,1,1
BRDA:161,14,0,3
BRDA:161,14,1,1
BRDA:161,15,0,4
BRDA:161,15,1,3
BRDA:161,15,2,2
BRDA:161,15,3,2
BRDA:164,16,0,0
BRDA:164,16,1,1
BRDA:164,17,0,1
BRDA:164,17,1,1
BRDA:164,17,2,1
BRDA:176,18,0,0
BRDA:176,18,1,1
BRDA:180,19,0,0
BRDA:180,19,1,1
BRDA:196,20,0,0
BRDA:196,20,1,1
BRDA:196,21,0,1
BRDA:196,21,1,1
BRDA:200,22,0,0
BRDA:200,22,1,1
BRDA:206,23,0,0
BRDA:206,23,1,1
BRDA:206,24,0,1
BRDA:206,24,1,1
BRDA:210,25,0,0
BRDA:210,25,1,1
BRDA:214,26,0,1
BRDA:214,26,1,0
BRDA:215,27,0,0
BRDA:215,27,1,1
BRDA:231,28,0,0
BRDA:231,28,1,0
BRDA:234,29,0,0
BRDA:234,29,1,0
BRDA:238,30,0,0
BRDA:238,30,1,0
BRDA:242,31,0,0
BRDA:242,31,1,0
BRDA:243,32,0,0
BRDA:243,32,1,0
BRF:69
BRH:37
end_of_record
TN:
SF:lib\aggiorna_esiti.js
FN:13,(anonymous_0)
FN:32,(anonymous_1)
FN:42,(anonymous_2)
FN:69,get_max_idU
FN:71,(anonymous_4)
FN:79,calcola_punti_totalizzati
FN:81,(anonymous_6)
FN:83,(anonymous_7)
FN:106,get_punti_utente
FN:108,(anonymous_9)
FN:116,get_squadre
FN:119,(anonymous_11)
FN:127,aggiorna_esiti
FN:130,(anonymous_13)
FN:137,aggiorna_punti
FN:138,(anonymous_15)
FN:141,(anonymous_16)
FN:142,(anonymous_17)
FN:143,(anonymous_18)
FN:146,(anonymous_19)
FN:155,aggiorna_statistiche_squadre
FN:157,(anonymous_21)
FN:159,(anonymous_22)
FN:162,(anonymous_23)
FN:167,(anonymous_24)
FN:170,(anonymous_25)
FN:175,(anonymous_26)
FN:178,(anonymous_27)
FNF:28
FNH:0
FNDA:0,(anonymous_0)
FNDA:0,(anonymous_1)
FNDA:0,(anonymous_2)
FNDA:0,get_max_idU
FNDA:0,(anonymous_4)
FNDA:0,calcola_punti_totalizzati
FNDA:0,(anonymous_6)
FNDA:0,(anonymous_7)
FNDA:0,get_punti_utente
FNDA:0,(anonymous_9)
FNDA:0,get_squadre
FNDA:0,(anonymous_11)
FNDA:0,aggiorna_esiti
FNDA:0,(anonymous_13)
FNDA:0,aggiorna_punti
FNDA:0,(anonymous_15)
FNDA:0,(anonymous_16)
FNDA:0,(anonymous_17)
FNDA:0,(anonymous_18)
FNDA:0,(anonymous_19)
FNDA:0,aggiorna_statistiche_squadre
FNDA:0,(anonymous_21)
FNDA:0,(anonymous_22)
FNDA:0,(anonymous_23)
FNDA:0,(anonymous_24)
FNDA:0,(anonymous_25)
FNDA:0,(anonymous_26)
FNDA:0,(anonymous_27)
DA:1,1
DA:2,1
DA:3,1
DA:4,1
DA:5,1
DA:7,1
DA:8,1
DA:10,1
DA:13,1
DA:15,0
DA:33,0
DA:35,0
DA:36,0
DA:37,0
DA:42,1
DA:43,0
DA:44,0
DA:45,0
DA:47,0
DA:48,0
DA:51,0
DA:52,0
DA:53,0
DA:54,0
DA:55,0
DA:56,0
DA:57,0
DA:58,0
DA:59,0
DA:60,0
DA:61,0
DA:62,0
DA:63,0
DA:70,0
DA:71,0
DA:72,0
DA:73,0
DA:80,0
DA:81,0
DA:82,0
DA:83,0
DA:84,0
DA:85,0
DA:86,0
DA:87,0
DA:88,0
DA:92,0
DA:93,0
DA:94,0
DA:95,0
DA:96,0
DA:100,0
DA:107,0
DA:108,0
DA:109,0
DA:110,0
DA:111,0
DA:117,0
DA:118,0
DA:119,0
DA:120,0
DA:121,0
DA:122,0
DA:128,0
DA:129,0
DA:130,0
DA:131,0
DA:138,0
DA:139,0
DA:140,0
DA:141,0
DA:142,0
DA:143,0
DA:144,0
DA:146,0
DA:147,0
DA:156,0
DA:157,0
DA:158,0
DA:159,0
DA:160,0
DA:162,0
DA:163,0
DA:166,0
DA:167,0
DA:168,0
DA:170,0
DA:171,0
DA:174,0
DA:175,0
DA:176,0
DA:178,0
DA:179,0
DA:182,0
DA:183,0
DA:188,1
LF:96
LH:11
BRDA:33,0,0,0
BRDA:33,0,1,0
BRDA:44,1,0,0
BRDA:44,1,1,0
BRDA:44,2,0,0
BRDA:44,2,1,0
BRDA:44,2,2,0
BRDA:44,2,3,0
BRDA:44,2,4,0
BRDA:47,3,0,0
BRDA:47,3,1,0
BRDA:47,4,0,0
BRDA:47,4,1,0
BRDA:47,4,2,0
BRDA:47,4,3,0
BRDA:47,4,4,0
BRDA:57,5,0,0
BRDA:57,5,1,0
BRDA:73,6,0,0
BRDA:73,6,1,0
BRDA:82,7,0,0
BRDA:82,7,1,0
BRDA:82,8,0,0
BRDA:82,8,1,0
BRDA:83,9,0,0
BRDA:83,9,1,0
BRDA:83,10,0,0
BRDA:83,10,1,0
BRDA:85,11,0,0
BRDA:85,11,1,0
BRDA:86,12,0,0
BRDA:86,12,1,0
BRDA:87,13,0,0
BRDA:87,13,1,0
BRDA:88,14,0,0
BRDA:88,14,1,0
BRDA:94,15,0,0
BRDA:94,15,1,0
BRDA:94,16,0,0
BRDA:94,16,1,0
BRDA:94,16,2,0
BRDA:100,17,0,0
BRDA:100,17,1,0
BRDA:109,18,0,0
BRDA:109,18,1,0
BRDA:111,19,0,0
BRDA:111,19,1,0
BRDA:122,20,0,0
BRDA:122,20,1,0
BRDA:131,21,0,0
BRDA:131,21,1,0
BRDA:158,22,0,0
BRDA:158,22,1,0
BRDA:160,23,0,0
BRDA:160,23,1,0
BRDA:163,24,0,0
BRDA:163,24,1,0
BRDA:166,25,0,0
BRDA:166,25,1,0
BRDA:168,26,0,0
BRDA:168,26,1,0
BRDA:171,27,0,0
BRDA:171,27,1,0
BRDA:174,28,0,0
BRDA:174,28,1,0
BRDA:176,29,0,0
BRDA:176,29,1,0
BRDA:179,30,0,0
BRDA:179,30,1,0
BRF:69
BRH:0
end_of_record
TN:
SF:lib\app.js
FN:34,(anonymous_0)
FN:61,(anonymous_1)
FN:83,(anonymous_2)
FN:122,(anonymous_3)
FNF:4
FNH:0
FNDA:0,(anonymous_0)
FNDA:0,(anonymous_1)
FNDA:0,(anonymous_2)
FNDA:0,(anonymous_3)
DA:1,1
DA:2,1
DA:3,1
DA:5,1
DA:6,1
DA:7,1
DA:8,1
DA:9,1
DA:10,1
DA:15,1
DA:16,1
DA:17,1
DA:18,1
DA:19,1
DA:20,1
DA:21,1
DA:24,1
DA:25,1
DA:26,1
DA:27,1
DA:30,1
DA:33,1
DA:34,1
DA:35,0
DA:36,0
DA:37,0
DA:38,0
DA:40,0
DA:41,0
DA:42,0
DA:44,0
DA:52,0
DA:55,0
DA:56,0
DA:61,1
DA:62,0
DA:63,0
DA:64,0
DA:66,0
DA:67,0
DA:68,0
DA:69,0
DA:70,0
DA:71,0
DA:72,0
DA:74,0
DA:77,0
DA:78,0
DA:83,1
DA:84,0
DA:85,0
DA:86,0
DA:88,0
DA:89,0
DA:90,0
DA:91,0
DA:94,0
DA:95,0
DA:96,0
DA:97,0
DA:98,0
DA:99,0
DA:105,0
DA:107,0
DA:108,0
DA:113,1
DA:114,1
DA:115,1
DA:116,1
DA:117,1
DA:118,1
DA:119,1
DA:122,1
DA:123,0
DA:124,0
DA:127,1
LF:76
LH:34
BRDA:37,0,0,0
BRDA:37,0,1,0
BRDA:40,1,0,0
BRDA:40,1,1,0
BRDA:42,2,0,0
BRDA:42,2,1,0
BRDA:63,3,0,0
BRDA:63,3,1,0
BRDA:71,4,0,0
BRDA:71,4,1,0
BRDA:85,5,0,0
BRDA:85,5,1,0
BRDA:88,6,0,0
BRDA:88,6,1,0
BRDA:88,7,0,0
BRDA:88,7,1,0
BRDA:90,8,0,0
BRDA:90,8,1,0
BRF:18
BRH:0
end_of_record
TN:
SF:lib\classifica.js
FN:11,(anonymous_0)
FN:13,(anonymous_1)
FN:22,(anonymous_2)
FN:25,(anonymous_3)
FNF:4
FNH:0
FNDA:0,(anonymous_0)
FNDA:0,(anonymous_1)
FNDA:0,(anonymous_2)
FNDA:0,(anonymous_3)
DA:1,1
DA:2,1
DA:3,1
DA:6,1
DA:9,1
DA:13,0
DA:15,0
DA:20,1
DA:24,0
DA:25,0
DA:30,0
DA:31,0
DA:32,0
DA:33,0
DA:34,0
DA:37,0
DA:45,1
LF:17
LH:7
BRDA:24,0,0,0
BRDA:24,0,1,0
BRDA:31,1,0,0
BRDA:31,1,1,0
BRF:4
BRH:0
end_of_record
TN:
SF:lib\home.js
FN:9,(anonymous_0)
FN:23,(anonymous_1)
FN:36,(anonymous_2)
FN:44,(anonymous_3)
FN:54,(anonymous_4)
FN:62,(anonymous_5)
FN:69,(anonymous_6)
FN:86,(anonymous_7)
FN:97,(anonymous_8)
FN:99,(anonymous_9)
FN:110,(anonymous_10)
FN:111,(anonymous_11)
FNF:12
FNH:0
FNDA:0,(anonymous_0)
FNDA:0,(anonymous_1)
FNDA:0,(anonymous_2)
FNDA:0,(anonymous_3)
FNDA:0,(anonymous_4)
FNDA:0,(anonymous_5)
FNDA:0,(anonymous_6)
FNDA:0,(anonymous_7)
FNDA:0,(anonymous_8)
FNDA:0,(anonymous_9)
FNDA:0,(anonymous_10)
FNDA:0,(anonymous_11)
DA:1,1
DA:2,1
DA:3,1
DA:4,1
DA:5,1
DA:7,1
DA:9,1
DA:10,0
DA:11,0
DA:12,0
DA:13,0
DA:15,0
DA:16,0
DA:17,0
DA:19,0
DA:23,1
DA:24,0
DA:25,0
DA:26,0
DA:27,0
DA:29,0
DA:30,0
DA:31,0
DA:36,1
DA:37,0
DA:38,0
DA:39,0
DA:40,0
DA:42,0
DA:43,0
DA:44,0
DA:45,0
DA:46,0
DA:47,0
DA:49,0
DA:54,1
DA:55,0
DA:56,0
DA:57,0
DA:58,0
DA:60,0
DA:61,0
DA:62,0
DA:63,0
DA:69,1
DA:70,0
DA:87,0
DA:88,0
DA:89,0
DA:92,0
DA:97,1
DA:98,0
DA:99,0
DA:100,0
DA:101,0
DA:102,0
DA:103,0
DA:106,0
DA:110,1
DA:111,0
DA:113,0
DA:118,1
LF:62
LH:14
BRDA:12,0,0,0
BRDA:12,0,1,0
BRDA:26,1,0,0
BRDA:26,1,1,0
BRDA:39,2,0,0
BRDA:39,2,1,0
BRDA:57,3,0,0
BRDA:57,3,1,0
BRDA:87,4,0,0
BRDA:87,4,1,0
BRDA:102,5,0,0
BRDA:102,5,1,0
BRF:12
BRH:0
end_of_record
TN:
SF:lib\infoSquadre.js
FN:8,(anonymous_0)
FN:9,(anonymous_1)
FN:14,(anonymous_2)
FN:16,(anonymous_3)
FNF:4
FNH:0
FNDA:0,(anonymous_0)
FNDA:0,(anonymous_1)
FNDA:0,(anonymous_2)
FNDA:0,(anonymous_3)
DA:1,1
DA:2,1
DA:5,1
DA:8,1
DA:9,0
DA:10,0
DA:14,1
DA:15,0
DA:16,0
DA:17,0
DA:26,1
LF:11
LH:6
BRF:0
BRH:0
end_of_record
TN:
SF:lib\registrazione.js
FN:10,(anonymous_0)
FN:11,(anonymous_1)
FN:26,(anonymous_2)
FN:27,(anonymous_3)
FN:45,(anonymous_4)
FN:59,(anonymous_5)
FN:77,(anonymous_6)
FN:102,(anonymous_7)
FNF:8
FNH:0
FNDA:0,(anonymous_0)
FNDA:0,(anonymous_1)
FNDA:0,(anonymous_2)
FNDA:0,(anonymous_3)
FNDA:0,(anonymous_4)
FNDA:0,(anonymous_5)
FNDA:0,(anonymous_6)
FNDA:0,(anonymous_7)
DA:1,1
DA:2,1
DA:4,1
DA:5,1
DA:7,1
DA:10,1
DA:11,0
DA:12,0
DA:13,0
DA:16,0
DA:17,0
DA:19,0
DA:26,1
DA:27,0
DA:28,0
DA:29,0
DA:32,0
DA:33,0
DA:35,0
DA:45,1
DA:46,0
DA:48,0
DA:49,0
DA:51,0
DA:52,0
DA:54,0
DA:58,0
DA:59,0
DA:60,0
DA:61,0
DA:64,0
DA:65,0
DA:67,0
DA:72,0
DA:77,1
DA:78,0
DA:80,0
DA:81,0
DA:82,0
DA:83,0
DA:84,0
DA:85,0
DA:87,0
DA:89,0
DA:90,0
DA:92,0
DA:93,0
DA:95,0
DA:96,0
DA:99,0
DA:100,0
DA:102,0
DA:103,0
DA:104,0
DA:107,0
DA:108,0
DA:110,0
DA:119,1
LF:58
LH:10
BRDA:12,0,0,0
BRDA:12,0,1,0
BRDA:16,1,0,0
BRDA:16,1,1,0
BRDA:28,2,0,0
BRDA:28,2,1,0
BRDA:32,3,0,0
BRDA:32,3,1,0
BRDA:51,4,0,0
BRDA:51,4,1,0
BRDA:58,5,0,0
BRDA:58,5,1,0
BRDA:60,6,0,0
BRDA:60,6,1,0
BRDA:64,7,0,0
BRDA:64,7,1,0
BRDA:92,8,0,0
BRDA:92,8,1,0
BRDA:95,9,0,0
BRDA:95,9,1,0
BRDA:99,10,0,0
BRDA:99,10,1,0
BRDA:99,11,0,0
BRDA:99,11,1,0
BRDA:103,12,0,0
BRDA:103,12,1,0
BRDA:107,13,0,0
BRDA:107,13,1,0
BRF:28
BRH:0
end_of_record
TN:
SF:lib\models\Pronostici.js
FNF:0
FNH:0
DA:1,1
DA:2,1
DA:4,1
DA:11,1
LF:4
LH:4
BRF:0
BRH:0
end_of_record
TN:
SF:lib\models\Squadre.js
FNF:0
FNH:0
DA:1,1
DA:2,1
DA:4,1
DA:12,1
LF:4
LH:4
BRF:0
BRH:0
end_of_record
TN:
SF:lib\models\UserData.js
FNF:0
FNH:0
DA:1,1
DA:2,1
DA:4,1
DA:13,1
LF:4
LH:4
BRF:0
BRH:0
end_of_record
TN:
SF:lib\models\partite.js
FNF:0
FNH:0
DA:1,1
DA:2,1
DA:4,1
DA:12,1
LF:4
LH:4
BRF:0
BRH:0
end_of_record
